Using pre-set license
Built from '2021.3/staging' branch; Version is '2021.3.20f1 (577897200b8b) revision 5732503'; Using compiler version '192829333'; Build Type 'Release'
OS: 'Windows 10  (10.0.19045) 64bit Professional' Language: 'ko' Physical Memory: 16194 MB
BatchMode: 1, IsHumanControllingUs: 0, StartBugReporterOnCrash: 0, Is64bit: 1, IsPro: 1

COMMAND LINE ARGUMENTS:
C:\Program Files\Unity\Hub\Editor\2021.3.20f1\Editor\Unity.exe
-adb2
-batchMode
-noUpm
-name
AssetImportWorker6
-projectPath
C:/Users/SGA/Desktop/H123/hag
-logFile
Logs/AssetImportWorker6.log
-srvPort
65220
Successfully changed project path to: C:/Users/SGA/Desktop/H123/hag
C:/Users/SGA/Desktop/H123/hag
[UnityMemory] Configuration Parameters - Can be set up in boot.config
    "memorysetup-bucket-allocator-granularity=16"
    "memorysetup-bucket-allocator-bucket-count=8"
    "memorysetup-bucket-allocator-block-size=33554432"
    "memorysetup-bucket-allocator-block-count=8"
    "memorysetup-main-allocator-block-size=16777216"
    "memorysetup-thread-allocator-block-size=16777216"
    "memorysetup-gfx-main-allocator-block-size=16777216"
    "memorysetup-gfx-thread-allocator-block-size=16777216"
    "memorysetup-cache-allocator-block-size=4194304"
    "memorysetup-typetree-allocator-block-size=2097152"
    "memorysetup-profiler-bucket-allocator-granularity=16"
    "memorysetup-profiler-bucket-allocator-bucket-count=8"
    "memorysetup-profiler-bucket-allocator-block-size=33554432"
    "memorysetup-profiler-bucket-allocator-block-count=8"
    "memorysetup-profiler-allocator-block-size=16777216"
    "memorysetup-profiler-editor-allocator-block-size=1048576"
    "memorysetup-temp-allocator-size-main=16777216"
    "memorysetup-job-temp-allocator-block-size=2097152"
    "memorysetup-job-temp-allocator-block-size-background=1048576"
    "memorysetup-job-temp-allocator-reduction-small-platforms=262144"
    "memorysetup-temp-allocator-size-background-worker=32768"
    "memorysetup-temp-allocator-size-job-worker=262144"
    "memorysetup-temp-allocator-size-preload-manager=33554432"
    "memorysetup-temp-allocator-size-nav-mesh-worker=65536"
    "memorysetup-temp-allocator-size-audio-worker=65536"
    "memorysetup-temp-allocator-size-cloud-worker=32768"
    "memorysetup-temp-allocator-size-gi-baking-worker=262144"
    "memorysetup-temp-allocator-size-gfx=262144"
Player connection [1320] Host "[IP] 192.168.0.192 [Port] 0 [Flags] 2 [Guid] 3748205027 [EditorId] 3748205027 [Version] 1048832 [Id] WindowsEditor(7,DESKTOP-HQKDT44) [Debug] 1 [PackageName] WindowsEditor [ProjectName] Editor" joined multi-casting on [225.0.0.222:54997]...

Player connection [1320] Host "[IP] 192.168.0.192 [Port] 0 [Flags] 2 [Guid] 3748205027 [EditorId] 3748205027 [Version] 1048832 [Id] WindowsEditor(7,DESKTOP-HQKDT44) [Debug] 1 [PackageName] WindowsEditor [ProjectName] Editor" joined alternative multi-casting on [225.0.0.222:34997]...

Refreshing native plugins compatible for Editor in 28.54 ms, found 2 plugins.
Preloading 0 native plugins for Editor in 0.00 ms.
Initialize engine version: 2021.3.20f1 (577897200b8b)
[Subsystems] Discovering subsystems at path C:/Program Files/Unity/Hub/Editor/2021.3.20f1/Editor/Data/Resources/UnitySubsystems
[Subsystems] Discovering subsystems at path C:/Users/SGA/Desktop/H123/hag/Assets
GfxDevice: creating device client; threaded=0; jobified=0
Direct3D:
    Version:  Direct3D 11.0 [level 11.1]
    Renderer: NVIDIA GeForce GTX 1650 (ID=0x1f82)
    Vendor:   NVIDIA
    VRAM:     3949 MB
    Driver:   31.0.15.3118
Initialize mono
Mono path[0] = 'C:/Program Files/Unity/Hub/Editor/2021.3.20f1/Editor/Data/Managed'
Mono path[1] = 'C:/Program Files/Unity/Hub/Editor/2021.3.20f1/Editor/Data/MonoBleedingEdge/lib/mono/unityjit-win32'
Mono config path = 'C:/Program Files/Unity/Hub/Editor/2021.3.20f1/Editor/Data/MonoBleedingEdge/etc'
Using monoOptions --debugger-agent=transport=dt_socket,embedding=1,server=y,suspend=n,address=127.0.0.1:56820
Begin MonoManager ReloadAssembly
Registering precompiled unity dll's ...
Register platform support module: C:/Program Files/Unity/Hub/Editor/2021.3.20f1/Editor/Data/PlaybackEngines/AndroidPlayer/UnityEditor.Android.Extensions.dll
Register platform support module: C:/Program Files/Unity/Hub/Editor/2021.3.20f1/Editor/Data/PlaybackEngines/WindowsStandaloneSupport/UnityEditor.WindowsStandalone.Extensions.dll
Registered in 0.004249 seconds.
Native extension for WindowsStandalone target not found
Native extension for Android target not found
Android Extension - Scanning For ADB Devices 166 ms
Refreshing native plugins compatible for Editor in 26.69 ms, found 2 plugins.
Preloading 0 native plugins for Editor in 0.00 ms.
Mono: successfully reloaded assembly
- Completed reload, in  0.607 seconds
Domain Reload Profiling:
	ReloadAssembly (608ms)
		BeginReloadAssembly (61ms)
			ExecutionOrderSort (0ms)
			DisableScriptedObjects (0ms)
			BackupInstance (0ms)
			ReleaseScriptingObjects (0ms)
			CreateAndSetChildDomain (1ms)
		EndReloadAssembly (474ms)
			LoadAssemblies (60ms)
			RebuildTransferFunctionScriptingTraits (0ms)
			SetupTypeCache (79ms)
			ReleaseScriptCaches (0ms)
			RebuildScriptCaches (25ms)
			SetupLoadedEditorAssemblies (334ms)
				LogAssemblyErrors (0ms)
				InitializePlatformSupportModulesInManaged (218ms)
				SetLoadedEditorAssemblies (0ms)
				RefreshPlugins (27ms)
				BeforeProcessingInitializeOnLoad (1ms)
				ProcessInitializeOnLoadAttributes (60ms)
				ProcessInitializeOnLoadMethodAttributes (28ms)
				AfterProcessingInitializeOnLoad (0ms)
				EditorAssembliesLoaded (0ms)
			ExecutionOrderSort2 (0ms)
			AwakeInstancesAfterBackupRestoration (0ms)
Platform modules already initialized, skipping
Registering precompiled user dll's ...
Registered in 0.001360 seconds.
Begin MonoManager ReloadAssembly
Native extension for WindowsStandalone target not found
Native extension for Android target not found
Refreshing native plugins compatible for Editor in 0.33 ms, found 2 plugins.
Preloading 0 native plugins for Editor in 0.00 ms.
Mono: successfully reloaded assembly
- Completed reload, in  0.571 seconds
Domain Reload Profiling:
	ReloadAssembly (571ms)
		BeginReloadAssembly (84ms)
			ExecutionOrderSort (0ms)
			DisableScriptedObjects (4ms)
			BackupInstance (0ms)
			ReleaseScriptingObjects (0ms)
			CreateAndSetChildDomain (14ms)
		EndReloadAssembly (417ms)
			LoadAssemblies (52ms)
			RebuildTransferFunctionScriptingTraits (0ms)
			SetupTypeCache (116ms)
			ReleaseScriptCaches (0ms)
			RebuildScriptCaches (28ms)
			SetupLoadedEditorAssemblies (200ms)
				LogAssemblyErrors (0ms)
				InitializePlatformSupportModulesInManaged (12ms)
				SetLoadedEditorAssemblies (0ms)
				RefreshPlugins (0ms)
				BeforeProcessingInitializeOnLoad (32ms)
				ProcessInitializeOnLoadAttributes (131ms)
				ProcessInitializeOnLoadMethodAttributes (19ms)
				AfterProcessingInitializeOnLoad (4ms)
				EditorAssembliesLoaded (0ms)
			ExecutionOrderSort2 (0ms)
			AwakeInstancesAfterBackupRestoration (4ms)
Platform modules already initialized, skipping
========================================================================
Worker process is ready to serve import requests
Launched and connected shader compiler UnityShaderCompiler.exe after 0.03 seconds
Refreshing native plugins compatible for Editor in 0.34 ms, found 2 plugins.
Preloading 0 native plugins for Editor in 0.00 ms.
Unloading 1511 Unused Serialized files (Serialized files now loaded: 0)
Unloading 20 unused Assets / (56.3 KB). Loaded Objects now: 1991.
Memory consumption went from 77.3 MB to 77.2 MB.
Total: 1.940700 ms (FindLiveObjects: 0.092300 ms CreateObjectMapping: 0.024000 ms MarkObjects: 1.763000 ms  DeleteObjects: 0.060800 ms)

AssetImportParameters requested are different than current active one (requested -> active):
  custom:video-decoder-ogg-theora: a1e56fd34408186e4bbccfd4996cb3dc -> 
  custom:container-muxer-webm: aa71ff27fc2769a1b78a27578f13a17b -> 
  custom:container-demuxer-webm: 4f35f7cbe854078d1ac9338744f61a02 -> 
  custom:video-encoder-webm-vp8: eb34c28f22e8b96e1ab97ce403110664 -> 
  custom:audio-encoder-webm-vorbis: bf7c407c2cedff20999df2af8eb42d56 -> 
  custom:framework-win-MediaFoundation: 216162199b28c13a410421893ffa2e32 -> 
  custom:container-demuxer-ogg: 62fdf1f143b41e24485cea50d1cbac27 -> 
  custom:video-decoder-webm-vp8: 9c59270c3fd7afecdb556c50c9e8de78 -> 
  custom:audio-decoder-ogg-vorbis: bf7c407c2cedff20999df2af8eb42d56 -> 
========================================================================
Received Import Request.
  Time since last request: 12211.132881 seconds.
  path: Assets/Nature_pixel_art_assets/textures/Nature_props_01_24.asset
  artifactKey: Guid(ff731f3290227144185db70a11559a31) Importer(815301076,1909f56bfc062723c751e8b465ee728b)
Start importing Assets/Nature_pixel_art_assets/textures/Nature_props_01_24.asset using Guid(ff731f3290227144185db70a11559a31) Importer(815301076,1909f56bfc062723c751e8b465ee728b)  -> (artifact id: '3c693eb6e62332ad5efc07bbee6812b4') in 0.075607 seconds 
========================================================================
Received Import Request.
  Time since last request: 0.000027 seconds.
  path: Assets/Nature_pixel_art_assets/textures/Nature_props_01_37.asset
  artifactKey: Guid(eb3ce67ad2e55f04c89128e9521b460f) Importer(815301076,1909f56bfc062723c751e8b465ee728b)
Start importing Assets/Nature_pixel_art_assets/textures/Nature_props_01_37.asset using Guid(eb3ce67ad2e55f04c89128e9521b460f) Importer(815301076,1909f56bfc062723c751e8b465ee728b)  -> (artifact id: 'af8cd333712bce299de56f798cba14ca') in 0.011746 seconds 
========================================================================
Received Import Request.
  Time since last request: 0.000031 seconds.
  path: Assets/Nature_pixel_art_assets/textures/Nature_props_01_36.asset
  artifactKey: Guid(6ddf1a644b1b3044c9ad2f8104dd2afd) Importer(815301076,1909f56bfc062723c751e8b465ee728b)
Start importing Assets/Nature_pixel_art_assets/textures/Nature_props_01_36.asset using Guid(6ddf1a644b1b3044c9ad2f8104dd2afd) Importer(815301076,1909f56bfc062723c751e8b465ee728b)  -> (artifact id: 'bf38523e7217946f4878d46ef27f3e55') in 0.009897 seconds 
========================================================================
Received Import Request.
  Time since last request: 7.723864 seconds.
  path: Assets/Nature_pixel_art_assets/textures/Nature_props_01_0.asset
  artifactKey: Guid(f0481a31b19a8aa4e8f5f8707356265e) Importer(815301076,1909f56bfc062723c751e8b465ee728b)
Start importing Assets/Nature_pixel_art_assets/textures/Nature_props_01_0.asset using Guid(f0481a31b19a8aa4e8f5f8707356265e) Importer(815301076,1909f56bfc062723c751e8b465ee728b)  -> (artifact id: 'f4b66e45bfb039e166cf0baf4123b78c') in 0.035518 seconds 
========================================================================
Received Import Request.
  Time since last request: 0.000017 seconds.
  path: Assets/Nature_pixel_art_assets/textures/Nature_props_01_24.asset
  artifactKey: Guid(ff731f3290227144185db70a11559a31) Importer(815301076,1909f56bfc062723c751e8b465ee728b)
Start importing Assets/Nature_pixel_art_assets/textures/Nature_props_01_24.asset using Guid(ff731f3290227144185db70a11559a31) Importer(815301076,1909f56bfc062723c751e8b465ee728b)  -> (artifact id: '034fc6eaf827f14dd2f89b05004465b7') in 0.025225 seconds 
========================================================================
Received Import Request.
  Time since last request: 0.000012 seconds.
  path: Assets/Nature_pixel_art_assets/textures/Nature_props_01_14.asset
  artifactKey: Guid(5f23406ed98ea1047a4a67a6f1ed7a79) Importer(815301076,1909f56bfc062723c751e8b465ee728b)
Start importing Assets/Nature_pixel_art_assets/textures/Nature_props_01_14.asset using Guid(5f23406ed98ea1047a4a67a6f1ed7a79) Importer(815301076,1909f56bfc062723c751e8b465ee728b)  -> (artifact id: 'edd4b3d4214ec1de005290b1c6f45d66') in 0.140104 seconds 
========================================================================
Received Import Request.
  Time since last request: 0.000018 seconds.
  path: Assets/Nature_pixel_art_assets/textures/Nature_props_01_39.asset
  artifactKey: Guid(b01fe616d9bf51b458534fc3daf3a85e) Importer(815301076,1909f56bfc062723c751e8b465ee728b)
Start importing Assets/Nature_pixel_art_assets/textures/Nature_props_01_39.asset using Guid(b01fe616d9bf51b458534fc3daf3a85e) Importer(815301076,1909f56bfc062723c751e8b465ee728b)  -> (artifact id: '48ab5dc07c9d798e7989d0a0e079953e') in 0.046306 seconds 
========================================================================
Received Import Request.
  Time since last request: 0.000021 seconds.
  path: Assets/Nature_pixel_art_assets/textures/Nature_props_01_12.asset
  artifactKey: Guid(8d6b79bc95a00794994248d78f26babb) Importer(815301076,1909f56bfc062723c751e8b465ee728b)
Start importing Assets/Nature_pixel_art_assets/textures/Nature_props_01_12.asset using Guid(8d6b79bc95a00794994248d78f26babb) Importer(815301076,1909f56bfc062723c751e8b465ee728b)  -> (artifact id: 'd2f2218d0646620ea4e6ff7b66704383') in 0.007518 seconds 
========================================================================
Received Import Request.
  Time since last request: 0.000014 seconds.
  path: Assets/Nature_pixel_art_assets/textures/Nature_props_01_34.asset
  artifactKey: Guid(9facba2a05fa31e4cb70bdd4fb2831a0) Importer(815301076,1909f56bfc062723c751e8b465ee728b)
Start importing Assets/Nature_pixel_art_assets/textures/Nature_props_01_34.asset using Guid(9facba2a05fa31e4cb70bdd4fb2831a0) Importer(815301076,1909f56bfc062723c751e8b465ee728b)  -> (artifact id: 'f7291a843bd73155fb5432f363d53a99') in 0.004311 seconds 
========================================================================
Received Import Request.
  Time since last request: 0.000013 seconds.
  path: Assets/Nature_pixel_art_assets/textures/Nature_props_01_9.asset
  artifactKey: Guid(38de3bad3e8d1e345925600d534c0d6f) Importer(815301076,1909f56bfc062723c751e8b465ee728b)
Start importing Assets/Nature_pixel_art_assets/textures/Nature_props_01_9.asset using Guid(38de3bad3e8d1e345925600d534c0d6f) Importer(815301076,1909f56bfc062723c751e8b465ee728b)  -> (artifact id: 'f262b103a5b9c605e492f829d7cca7de') in 0.004063 seconds 
========================================================================
Received Import Request.
  Time since last request: 0.000013 seconds.
  path: Assets/Nature_pixel_art_assets/textures/Nature_props_01_33.asset
  artifactKey: Guid(3c94ca843317b2a4a83677e19cdb9164) Importer(815301076,1909f56bfc062723c751e8b465ee728b)
Start importing Assets/Nature_pixel_art_assets/textures/Nature_props_01_33.asset using Guid(3c94ca843317b2a4a83677e19cdb9164) Importer(815301076,1909f56bfc062723c751e8b465ee728b)  -> (artifact id: 'cf7dea398c306bfd68971177a751afb2') in 0.007084 seconds 
========================================================================
Received Import Request.
  Time since last request: 0.000013 seconds.
  path: Assets/Nature_pixel_art_assets/textures/Nature_props_01_21.asset
  artifactKey: Guid(5872a195185056043b9d3a1f7491d6e8) Importer(815301076,1909f56bfc062723c751e8b465ee728b)
Start importing Assets/Nature_pixel_art_assets/textures/Nature_props_01_21.asset using Guid(5872a195185056043b9d3a1f7491d6e8) Importer(815301076,1909f56bfc062723c751e8b465ee728b)  -> (artifact id: '7e8b3bbdbf33c1e8479a98af02dbaf4d') in 0.004138 seconds 
========================================================================
Received Import Request.
  Time since last request: 0.000016 seconds.
  path: Assets/Nature_pixel_art_assets/textures/Nature_props_01_15.asset
  artifactKey: Guid(b06bfe66f10f2bc4f90d31e875090591) Importer(815301076,1909f56bfc062723c751e8b465ee728b)
Start importing Assets/Nature_pixel_art_assets/textures/Nature_props_01_15.asset using Guid(b06bfe66f10f2bc4f90d31e875090591) Importer(815301076,1909f56bfc062723c751e8b465ee728b)  -> (artifact id: '262964aed433deeeb076270a8c13d6f4') in 0.004524 seconds 
========================================================================
Received Import Request.
  Time since last request: 0.000014 seconds.
  path: Assets/Nature_pixel_art_assets/textures/Nature_props_01_22.asset
  artifactKey: Guid(5e08cfe060994264b9d575b9e90a0acc) Importer(815301076,1909f56bfc062723c751e8b465ee728b)
Start importing Assets/Nature_pixel_art_assets/textures/Nature_props_01_22.asset using Guid(5e08cfe060994264b9d575b9e90a0acc) Importer(815301076,1909f56bfc062723c751e8b465ee728b)  -> (artifact id: 'ccec8dabb51eb58ba2bd554db4b3239b') in 0.003711 seconds 
========================================================================
Received Import Request.
  Time since last request: 0.000020 seconds.
  path: Assets/Nature_pixel_art_assets/textures/Nature_props_01_23.asset
  artifactKey: Guid(42843ea985a6d15408433641ac7d71a5) Importer(815301076,1909f56bfc062723c751e8b465ee728b)
Start importing Assets/Nature_pixel_art_assets/textures/Nature_props_01_23.asset using Guid(42843ea985a6d15408433641ac7d71a5) Importer(815301076,1909f56bfc062723c751e8b465ee728b)  -> (artifact id: '48569e31da2a2c3e71e89382a574e59c') in 0.004182 seconds 
========================================================================
Received Import Request.
  Time since last request: 0.000018 seconds.
  path: Assets/Nature_pixel_art_assets/textures/Nature_props_01_17.asset
  artifactKey: Guid(c2efba057bafaf5409fa83f39f83a695) Importer(815301076,1909f56bfc062723c751e8b465ee728b)
Start importing Assets/Nature_pixel_art_assets/textures/Nature_props_01_17.asset using Guid(c2efba057bafaf5409fa83f39f83a695) Importer(815301076,1909f56bfc062723c751e8b465ee728b)  -> (artifact id: 'dcf7b59118dae66a5edf1dac49b86b1a') in 0.004512 seconds 
========================================================================
Received Import Request.
  Time since last request: 0.000018 seconds.
  path: Assets/Nature_pixel_art_assets/textures/Nature_props_01_19.asset
  artifactKey: Guid(c36d91a138ded394e9681bf8e02b9546) Importer(815301076,1909f56bfc062723c751e8b465ee728b)
Start importing Assets/Nature_pixel_art_assets/textures/Nature_props_01_19.asset using Guid(c36d91a138ded394e9681bf8e02b9546) Importer(815301076,1909f56bfc062723c751e8b465ee728b)  -> (artifact id: '77da547c58020a326944da665b319ecf') in 0.004784 seconds 
========================================================================
Received Import Request.
  Time since last request: 0.000014 seconds.
  path: Assets/Nature_pixel_art_assets/textures/Nature_props_01_16.asset
  artifactKey: Guid(d3c13a45eec043140bd72fd1ef4519c7) Importer(815301076,1909f56bfc062723c751e8b465ee728b)
Start importing Assets/Nature_pixel_art_assets/textures/Nature_props_01_16.asset using Guid(d3c13a45eec043140bd72fd1ef4519c7) Importer(815301076,1909f56bfc062723c751e8b465ee728b)  -> (artifact id: 'ea68999eb97f857b37cdc700e27ca5c3') in 0.003909 seconds 
========================================================================
Received Import Request.
  Time since last request: 0.000012 seconds.
  path: Assets/Nature_pixel_art_assets/textures/Nature_props_01_38.asset
  artifactKey: Guid(911a7a4c91b3f354da97c1a3f66fb3ca) Importer(815301076,1909f56bfc062723c751e8b465ee728b)
Start importing Assets/Nature_pixel_art_assets/textures/Nature_props_01_38.asset using Guid(911a7a4c91b3f354da97c1a3f66fb3ca) Importer(815301076,1909f56bfc062723c751e8b465ee728b)  -> (artifact id: 'eb917955f58092c8764535a323a79a37') in 0.003938 seconds 
========================================================================
Received Import Request.
  Time since last request: 0.000014 seconds.
  path: Assets/Nature_pixel_art_assets/textures/Nature_props_01_13.asset
  artifactKey: Guid(71f984aee53ec3848b747999cffcbab4) Importer(815301076,1909f56bfc062723c751e8b465ee728b)
Start importing Assets/Nature_pixel_art_assets/textures/Nature_props_01_13.asset using Guid(71f984aee53ec3848b747999cffcbab4) Importer(815301076,1909f56bfc062723c751e8b465ee728b)  -> (artifact id: '5050d6b85211b2b49d2ed9b8136bd57f') in 0.007442 seconds 
========================================================================
Received Import Request.
  Time since last request: 0.000017 seconds.
  path: Assets/Nature_pixel_art_assets/textures/Nature_props_01_36.asset
  artifactKey: Guid(6ddf1a644b1b3044c9ad2f8104dd2afd) Importer(815301076,1909f56bfc062723c751e8b465ee728b)
Start importing Assets/Nature_pixel_art_assets/textures/Nature_props_01_36.asset using Guid(6ddf1a644b1b3044c9ad2f8104dd2afd) Importer(815301076,1909f56bfc062723c751e8b465ee728b)  -> (artifact id: 'f37179a5b7682c9683a73dd2efff06a4') in 0.004137 seconds 
========================================================================
Received Import Request.
  Time since last request: 0.000017 seconds.
  path: Assets/Nature_pixel_art_assets/textures/Nature_props_01_30.asset
  artifactKey: Guid(d6a2654695cbb664f8b39cbacfe99d7f) Importer(815301076,1909f56bfc062723c751e8b465ee728b)
Start importing Assets/Nature_pixel_art_assets/textures/Nature_props_01_30.asset using Guid(d6a2654695cbb664f8b39cbacfe99d7f) Importer(815301076,1909f56bfc062723c751e8b465ee728b)  -> (artifact id: 'b522143af72f912645bf4911b7c3f3d1') in 0.004710 seconds 
========================================================================
Received Import Request.
  Time since last request: 0.000015 seconds.
  path: Assets/Nature_pixel_art_assets/textures/Nature_props_01_5.asset
  artifactKey: Guid(ab2a56666dd52c248baff3bf80f1ec58) Importer(815301076,1909f56bfc062723c751e8b465ee728b)
Start importing Assets/Nature_pixel_art_assets/textures/Nature_props_01_5.asset using Guid(ab2a56666dd52c248baff3bf80f1ec58) Importer(815301076,1909f56bfc062723c751e8b465ee728b)  -> (artifact id: 'c6ddbc9e06ef5773251e487f48956d06') in 0.008224 seconds 
Editor requested this worker to shutdown with reason: Scaling down because of idle timeout
AssetImportWorker is now disconnected from the server
Process exiting
Exiting without the bug reporter. Application will terminate with return code 0