Using pre-set license
Built from '2021.3/staging' branch; Version is '2021.3.20f1 (577897200b8b) revision 5732503'; Using compiler version '192829333'; Build Type 'Release'
OS: 'Windows 10  (10.0.19045) 64bit Professional' Language: 'ko' Physical Memory: 16194 MB
BatchMode: 1, IsHumanControllingUs: 0, StartBugReporterOnCrash: 0, Is64bit: 1, IsPro: 1

COMMAND LINE ARGUMENTS:
C:\Program Files\Unity\Hub\Editor\2021.3.20f1\Editor\Unity.exe
-adb2
-batchMode
-noUpm
-name
AssetImportWorker5
-projectPath
C:/Users/SGA/Desktop/H123/hag
-logFile
Logs/AssetImportWorker5.log
-srvPort
65220
Successfully changed project path to: C:/Users/SGA/Desktop/H123/hag
C:/Users/SGA/Desktop/H123/hag
[UnityMemory] Configuration Parameters - Can be set up in boot.config
    "memorysetup-bucket-allocator-granularity=16"
    "memorysetup-bucket-allocator-bucket-count=8"
    "memorysetup-bucket-allocator-block-size=33554432"
    "memorysetup-bucket-allocator-block-count=8"
    "memorysetup-main-allocator-block-size=16777216"
    "memorysetup-thread-allocator-block-size=16777216"
    "memorysetup-gfx-main-allocator-block-size=16777216"
    "memorysetup-gfx-thread-allocator-block-size=16777216"
    "memorysetup-cache-allocator-block-size=4194304"
    "memorysetup-typetree-allocator-block-size=2097152"
    "memorysetup-profiler-bucket-allocator-granularity=16"
    "memorysetup-profiler-bucket-allocator-bucket-count=8"
    "memorysetup-profiler-bucket-allocator-block-size=33554432"
    "memorysetup-profiler-bucket-allocator-block-count=8"
    "memorysetup-profiler-allocator-block-size=16777216"
    "memorysetup-profiler-editor-allocator-block-size=1048576"
    "memorysetup-temp-allocator-size-main=16777216"
    "memorysetup-job-temp-allocator-block-size=2097152"
    "memorysetup-job-temp-allocator-block-size-background=1048576"
    "memorysetup-job-temp-allocator-reduction-small-platforms=262144"
    "memorysetup-temp-allocator-size-background-worker=32768"
    "memorysetup-temp-allocator-size-job-worker=262144"
    "memorysetup-temp-allocator-size-preload-manager=33554432"
    "memorysetup-temp-allocator-size-nav-mesh-worker=65536"
    "memorysetup-temp-allocator-size-audio-worker=65536"
    "memorysetup-temp-allocator-size-cloud-worker=32768"
    "memorysetup-temp-allocator-size-gi-baking-worker=262144"
    "memorysetup-temp-allocator-size-gfx=262144"
Player connection [21048] Host "[IP] 192.168.0.192 [Port] 0 [Flags] 2 [Guid] 2927974920 [EditorId] 2927974920 [Version] 1048832 [Id] WindowsEditor(7,DESKTOP-HQKDT44) [Debug] 1 [PackageName] WindowsEditor [ProjectName] Editor" joined multi-casting on [225.0.0.222:54997]...

Player connection [21048] Host "[IP] 192.168.0.192 [Port] 0 [Flags] 2 [Guid] 2927974920 [EditorId] 2927974920 [Version] 1048832 [Id] WindowsEditor(7,DESKTOP-HQKDT44) [Debug] 1 [PackageName] WindowsEditor [ProjectName] Editor" joined alternative multi-casting on [225.0.0.222:34997]...

Refreshing native plugins compatible for Editor in 31.55 ms, found 2 plugins.
Preloading 0 native plugins for Editor in 0.00 ms.
Initialize engine version: 2021.3.20f1 (577897200b8b)
[Subsystems] Discovering subsystems at path C:/Program Files/Unity/Hub/Editor/2021.3.20f1/Editor/Data/Resources/UnitySubsystems
[Subsystems] Discovering subsystems at path C:/Users/SGA/Desktop/H123/hag/Assets
GfxDevice: creating device client; threaded=0; jobified=0
Direct3D:
    Version:  Direct3D 11.0 [level 11.1]
    Renderer: NVIDIA GeForce GTX 1650 (ID=0x1f82)
    Vendor:   NVIDIA
    VRAM:     3949 MB
    Driver:   31.0.15.3118
Initialize mono
Mono path[0] = 'C:/Program Files/Unity/Hub/Editor/2021.3.20f1/Editor/Data/Managed'
Mono path[1] = 'C:/Program Files/Unity/Hub/Editor/2021.3.20f1/Editor/Data/MonoBleedingEdge/lib/mono/unityjit-win32'
Mono config path = 'C:/Program Files/Unity/Hub/Editor/2021.3.20f1/Editor/Data/MonoBleedingEdge/etc'
Using monoOptions --debugger-agent=transport=dt_socket,embedding=1,server=y,suspend=n,address=127.0.0.1:56044
Begin MonoManager ReloadAssembly
Registering precompiled unity dll's ...
Register platform support module: C:/Program Files/Unity/Hub/Editor/2021.3.20f1/Editor/Data/PlaybackEngines/AndroidPlayer/UnityEditor.Android.Extensions.dll
Register platform support module: C:/Program Files/Unity/Hub/Editor/2021.3.20f1/Editor/Data/PlaybackEngines/WindowsStandaloneSupport/UnityEditor.WindowsStandalone.Extensions.dll
Registered in 0.004667 seconds.
Native extension for WindowsStandalone target not found
Native extension for Android target not found
Android Extension - Scanning For ADB Devices 174 ms
Refreshing native plugins compatible for Editor in 25.91 ms, found 2 plugins.
Preloading 0 native plugins for Editor in 0.00 ms.
Mono: successfully reloaded assembly
- Completed reload, in  0.616 seconds
Domain Reload Profiling:
	ReloadAssembly (616ms)
		BeginReloadAssembly (62ms)
			ExecutionOrderSort (0ms)
			DisableScriptedObjects (0ms)
			BackupInstance (0ms)
			ReleaseScriptingObjects (0ms)
			CreateAndSetChildDomain (1ms)
		EndReloadAssembly (482ms)
			LoadAssemblies (60ms)
			RebuildTransferFunctionScriptingTraits (0ms)
			SetupTypeCache (80ms)
			ReleaseScriptCaches (0ms)
			RebuildScriptCaches (19ms)
			SetupLoadedEditorAssemblies (346ms)
				LogAssemblyErrors (0ms)
				InitializePlatformSupportModulesInManaged (223ms)
				SetLoadedEditorAssemblies (0ms)
				RefreshPlugins (26ms)
				BeforeProcessingInitializeOnLoad (1ms)
				ProcessInitializeOnLoadAttributes (64ms)
				ProcessInitializeOnLoadMethodAttributes (31ms)
				AfterProcessingInitializeOnLoad (0ms)
				EditorAssembliesLoaded (0ms)
			ExecutionOrderSort2 (0ms)
			AwakeInstancesAfterBackupRestoration (0ms)
Platform modules already initialized, skipping
Registering precompiled user dll's ...
Registered in 0.001823 seconds.
Begin MonoManager ReloadAssembly
Native extension for WindowsStandalone target not found
Native extension for Android target not found
Refreshing native plugins compatible for Editor in 0.34 ms, found 2 plugins.
Preloading 0 native plugins for Editor in 0.00 ms.
Mono: successfully reloaded assembly
- Completed reload, in  0.620 seconds
Domain Reload Profiling:
	ReloadAssembly (621ms)
		BeginReloadAssembly (86ms)
			ExecutionOrderSort (0ms)
			DisableScriptedObjects (4ms)
			BackupInstance (0ms)
			ReleaseScriptingObjects (0ms)
			CreateAndSetChildDomain (14ms)
		EndReloadAssembly (458ms)
			LoadAssemblies (59ms)
			RebuildTransferFunctionScriptingTraits (0ms)
			SetupTypeCache (125ms)
			ReleaseScriptCaches (0ms)
			RebuildScriptCaches (31ms)
			SetupLoadedEditorAssemblies (219ms)
				LogAssemblyErrors (0ms)
				InitializePlatformSupportModulesInManaged (13ms)
				SetLoadedEditorAssemblies (0ms)
				RefreshPlugins (0ms)
				BeforeProcessingInitializeOnLoad (35ms)
				ProcessInitializeOnLoadAttributes (142ms)
				ProcessInitializeOnLoadMethodAttributes (24ms)
				AfterProcessingInitializeOnLoad (5ms)
				EditorAssembliesLoaded (0ms)
			ExecutionOrderSort2 (0ms)
			AwakeInstancesAfterBackupRestoration (4ms)
Platform modules already initialized, skipping
========================================================================
Worker process is ready to serve import requests
Launched and connected shader compiler UnityShaderCompiler.exe after 0.03 seconds
Refreshing native plugins compatible for Editor in 0.33 ms, found 2 plugins.
Preloading 0 native plugins for Editor in 0.00 ms.
Unloading 1511 Unused Serialized files (Serialized files now loaded: 0)
Unloading 20 unused Assets / (56.3 KB). Loaded Objects now: 1991.
Memory consumption went from 77.3 MB to 77.2 MB.
Total: 2.109700 ms (FindLiveObjects: 0.095800 ms CreateObjectMapping: 0.024600 ms MarkObjects: 1.926400 ms  DeleteObjects: 0.062200 ms)

AssetImportParameters requested are different than current active one (requested -> active):
  custom:video-decoder-ogg-theora: a1e56fd34408186e4bbccfd4996cb3dc -> 
  custom:container-muxer-webm: aa71ff27fc2769a1b78a27578f13a17b -> 
  custom:container-demuxer-webm: 4f35f7cbe854078d1ac9338744f61a02 -> 
  custom:video-encoder-webm-vp8: eb34c28f22e8b96e1ab97ce403110664 -> 
  custom:audio-encoder-webm-vorbis: bf7c407c2cedff20999df2af8eb42d56 -> 
  custom:framework-win-MediaFoundation: 216162199b28c13a410421893ffa2e32 -> 
  custom:container-demuxer-ogg: 62fdf1f143b41e24485cea50d1cbac27 -> 
  custom:video-decoder-webm-vp8: 9c59270c3fd7afecdb556c50c9e8de78 -> 
  custom:audio-decoder-ogg-vorbis: bf7c407c2cedff20999df2af8eb42d56 -> 
========================================================================
Received Import Request.
  Time since last request: 12196.350050 seconds.
  path: Assets/Nature_pixel_art_assets/textures/Nature_props_01_1.asset
  artifactKey: Guid(0b2a61bf50423804e9c083d8d55e1b07) Importer(815301076,1909f56bfc062723c751e8b465ee728b)
Start importing Assets/Nature_pixel_art_assets/textures/Nature_props_01_1.asset using Guid(0b2a61bf50423804e9c083d8d55e1b07) Importer(815301076,1909f56bfc062723c751e8b465ee728b)  -> (artifact id: '217ff22ad70bea5132f9a7906b5efe66') in 0.056610 seconds 
========================================================================
Received Import Request.
  Time since last request: 0.000025 seconds.
  path: Assets/Nature_pixel_art_assets/textures/Nature_props_01_6.asset
  artifactKey: Guid(7896256cb80000840bbe486afd3c1a2f) Importer(815301076,1909f56bfc062723c751e8b465ee728b)
Start importing Assets/Nature_pixel_art_assets/textures/Nature_props_01_6.asset using Guid(7896256cb80000840bbe486afd3c1a2f) Importer(815301076,1909f56bfc062723c751e8b465ee728b)  -> (artifact id: 'c93547fea2903927a9317c53a16d8144') in 0.010254 seconds 
========================================================================
Received Import Request.
  Time since last request: 0.000025 seconds.
  path: Assets/Nature_pixel_art_assets/textures/Nature_props_01_15.asset
  artifactKey: Guid(b06bfe66f10f2bc4f90d31e875090591) Importer(815301076,1909f56bfc062723c751e8b465ee728b)
Start importing Assets/Nature_pixel_art_assets/textures/Nature_props_01_15.asset using Guid(b06bfe66f10f2bc4f90d31e875090591) Importer(815301076,1909f56bfc062723c751e8b465ee728b)  -> (artifact id: '53731effe56cd6451fa9e4e7f704dbf7') in 0.016432 seconds 
========================================================================
Received Import Request.
  Time since last request: 0.000022 seconds.
  path: Assets/Nature_pixel_art_assets/textures/Nature_props_01_17.asset
  artifactKey: Guid(c2efba057bafaf5409fa83f39f83a695) Importer(815301076,1909f56bfc062723c751e8b465ee728b)
Start importing Assets/Nature_pixel_art_assets/textures/Nature_props_01_17.asset using Guid(c2efba057bafaf5409fa83f39f83a695) Importer(815301076,1909f56bfc062723c751e8b465ee728b)  -> (artifact id: '80f4b1616be5fda277437bf490f1b211') in 0.008526 seconds 
========================================================================
Received Import Request.
  Time since last request: 0.000030 seconds.
  path: Assets/Nature_pixel_art_assets/textures/Nature_props_01_16.asset
  artifactKey: Guid(d3c13a45eec043140bd72fd1ef4519c7) Importer(815301076,1909f56bfc062723c751e8b465ee728b)
Start importing Assets/Nature_pixel_art_assets/textures/Nature_props_01_16.asset using Guid(d3c13a45eec043140bd72fd1ef4519c7) Importer(815301076,1909f56bfc062723c751e8b465ee728b)  -> (artifact id: 'f3afe4769c075da23c0d376eed01801d') in 0.008054 seconds 
========================================================================
Received Import Request.
  Time since last request: 0.000015 seconds.
  path: Assets/Nature_pixel_art_assets/textures/Nature_props_01_13.asset
  artifactKey: Guid(71f984aee53ec3848b747999cffcbab4) Importer(815301076,1909f56bfc062723c751e8b465ee728b)
Start importing Assets/Nature_pixel_art_assets/textures/Nature_props_01_13.asset using Guid(71f984aee53ec3848b747999cffcbab4) Importer(815301076,1909f56bfc062723c751e8b465ee728b)  -> (artifact id: '5e25cba42c7d297a808408cda1c11bba') in 0.009480 seconds 
========================================================================
Received Import Request.
  Time since last request: 0.000018 seconds.
  path: Assets/Nature_pixel_art_assets/textures/Nature_props_01_10.asset
  artifactKey: Guid(247378ff0a4bf8f4f8b76dfe6949c97d) Importer(815301076,1909f56bfc062723c751e8b465ee728b)
Start importing Assets/Nature_pixel_art_assets/textures/Nature_props_01_10.asset using Guid(247378ff0a4bf8f4f8b76dfe6949c97d) Importer(815301076,1909f56bfc062723c751e8b465ee728b)  -> (artifact id: 'e9be8635c04d1ab2c0171f3c78f3b6eb') in 0.009438 seconds 
========================================================================
Received Import Request.
  Time since last request: 0.000021 seconds.
  path: Assets/Nature_pixel_art_assets/textures/Nature_props_01_4.asset
  artifactKey: Guid(45c1fa7c12d2a6c4f8266450cb4c11a9) Importer(815301076,1909f56bfc062723c751e8b465ee728b)
Start importing Assets/Nature_pixel_art_assets/textures/Nature_props_01_4.asset using Guid(45c1fa7c12d2a6c4f8266450cb4c11a9) Importer(815301076,1909f56bfc062723c751e8b465ee728b)  -> (artifact id: '1e4a2d3aec256ec6903f19cab9a3fcb6') in 0.016063 seconds 
========================================================================
Received Import Request.
  Time since last request: 0.000018 seconds.
  path: Assets/Nature_pixel_art_assets/textures/Nature_props_01_8.asset
  artifactKey: Guid(b369eec84710d7246b640ffb89429eda) Importer(815301076,1909f56bfc062723c751e8b465ee728b)
Start importing Assets/Nature_pixel_art_assets/textures/Nature_props_01_8.asset using Guid(b369eec84710d7246b640ffb89429eda) Importer(815301076,1909f56bfc062723c751e8b465ee728b)  -> (artifact id: '8bd4526eb7371c969588a8bd55754f20') in 0.014757 seconds 
========================================================================
Received Import Request.
  Time since last request: 14.616708 seconds.
  path: Assets/Nature_pixel_art_assets/textures/Nature_props_01_25.asset
  artifactKey: Guid(7277b7257beed404f8001246ecefa5cc) Importer(815301076,1909f56bfc062723c751e8b465ee728b)
Start importing Assets/Nature_pixel_art_assets/textures/Nature_props_01_25.asset using Guid(7277b7257beed404f8001246ecefa5cc) Importer(815301076,1909f56bfc062723c751e8b465ee728b)  -> (artifact id: '9660e623b196e412b52fcec783d7ead8') in 0.023710 seconds 
========================================================================
Received Import Request.
  Time since last request: 0.000019 seconds.
  path: Assets/Nature_pixel_art_assets/textures/Nature_props_01_39.asset
  artifactKey: Guid(b01fe616d9bf51b458534fc3daf3a85e) Importer(815301076,1909f56bfc062723c751e8b465ee728b)
Start importing Assets/Nature_pixel_art_assets/textures/Nature_props_01_39.asset using Guid(b01fe616d9bf51b458534fc3daf3a85e) Importer(815301076,1909f56bfc062723c751e8b465ee728b)  -> (artifact id: '9dff5bb99d8142ec3e0944d1b15b4888') in 0.012131 seconds 
========================================================================
Received Import Request.
  Time since last request: 0.000021 seconds.
  path: Assets/Nature_pixel_art_assets/textures/Nature_props_01_35.asset
  artifactKey: Guid(c4845a29c30ebda4cb035ee9df9bb9bb) Importer(815301076,1909f56bfc062723c751e8b465ee728b)
Start importing Assets/Nature_pixel_art_assets/textures/Nature_props_01_35.asset using Guid(c4845a29c30ebda4cb035ee9df9bb9bb) Importer(815301076,1909f56bfc062723c751e8b465ee728b)  -> (artifact id: 'bb6aa60686cda80911bf2da779f15d08') in 0.007877 seconds 
========================================================================
Received Import Request.
  Time since last request: 0.000027 seconds.
  path: Assets/Nature_pixel_art_assets/textures/Nature_props_01_28.asset
  artifactKey: Guid(0ea5402d65cdd424ab2e3f3e4538bd08) Importer(815301076,1909f56bfc062723c751e8b465ee728b)
Start importing Assets/Nature_pixel_art_assets/textures/Nature_props_01_28.asset using Guid(0ea5402d65cdd424ab2e3f3e4538bd08) Importer(815301076,1909f56bfc062723c751e8b465ee728b)  -> (artifact id: '2da6f36dc7e3c2815f6618a17d468838') in 0.008992 seconds 
========================================================================
Received Import Request.
  Time since last request: 0.000023 seconds.
  path: Assets/Nature_pixel_art_assets/textures/Nature_props_01_33.asset
  artifactKey: Guid(3c94ca843317b2a4a83677e19cdb9164) Importer(815301076,1909f56bfc062723c751e8b465ee728b)
Start importing Assets/Nature_pixel_art_assets/textures/Nature_props_01_33.asset using Guid(3c94ca843317b2a4a83677e19cdb9164) Importer(815301076,1909f56bfc062723c751e8b465ee728b)  -> (artifact id: 'a83edf328866dba91ea779d1ece0afa7') in 0.007587 seconds 
========================================================================
Received Import Request.
  Time since last request: 0.000017 seconds.
  path: Assets/Nature_pixel_art_assets/textures/Nature_props_01_31.asset
  artifactKey: Guid(7ce51ca672b06464f869d08d187cafb6) Importer(815301076,1909f56bfc062723c751e8b465ee728b)
Start importing Assets/Nature_pixel_art_assets/textures/Nature_props_01_31.asset using Guid(7ce51ca672b06464f869d08d187cafb6) Importer(815301076,1909f56bfc062723c751e8b465ee728b)  -> (artifact id: '5e62839af7c018468e2cab22c74abf97') in 0.009310 seconds 
========================================================================
Received Import Request.
  Time since last request: 0.000020 seconds.
  path: Assets/Nature_pixel_art_assets/textures/Nature_props_01_38.asset
  artifactKey: Guid(911a7a4c91b3f354da97c1a3f66fb3ca) Importer(815301076,1909f56bfc062723c751e8b465ee728b)
Start importing Assets/Nature_pixel_art_assets/textures/Nature_props_01_38.asset using Guid(911a7a4c91b3f354da97c1a3f66fb3ca) Importer(815301076,1909f56bfc062723c751e8b465ee728b)  -> (artifact id: '303aacde54dbdd238c0078f60386abce') in 0.008186 seconds 
========================================================================
Received Import Request.
  Time since last request: 0.000018 seconds.
  path: Assets/Nature_pixel_art_assets/textures/Nature_props_01_30.asset
  artifactKey: Guid(d6a2654695cbb664f8b39cbacfe99d7f) Importer(815301076,1909f56bfc062723c751e8b465ee728b)
Start importing Assets/Nature_pixel_art_assets/textures/Nature_props_01_30.asset using Guid(d6a2654695cbb664f8b39cbacfe99d7f) Importer(815301076,1909f56bfc062723c751e8b465ee728b)  -> (artifact id: '220f61c712df9b7b452ba23007e30330') in 0.008337 seconds 
========================================================================
Received Import Request.
  Time since last request: 7.723978 seconds.
  path: Assets/Nature_pixel_art_assets/textures/Nature_props_01_1.asset
  artifactKey: Guid(0b2a61bf50423804e9c083d8d55e1b07) Importer(815301076,1909f56bfc062723c751e8b465ee728b)
Start importing Assets/Nature_pixel_art_assets/textures/Nature_props_01_1.asset using Guid(0b2a61bf50423804e9c083d8d55e1b07) Importer(815301076,1909f56bfc062723c751e8b465ee728b)  -> (artifact id: 'feb7fc52e535b2cf6a0bc407d7bc13a0') in 0.005428 seconds 
========================================================================
Received Import Request.
  Time since last request: 0.000017 seconds.
  path: Assets/Nature_pixel_art_assets/textures/Nature_props_01_29.asset
  artifactKey: Guid(9fd099a43d3c03c4394da05e5462d430) Importer(815301076,1909f56bfc062723c751e8b465ee728b)
Start importing Assets/Nature_pixel_art_assets/textures/Nature_props_01_29.asset using Guid(9fd099a43d3c03c4394da05e5462d430) Importer(815301076,1909f56bfc062723c751e8b465ee728b)  -> (artifact id: 'e42abaeb475d9b70acaa0fd35cfded5a') in 0.063266 seconds 
========================================================================
Received Import Request.
  Time since last request: 0.000016 seconds.
  path: Assets/Nature_pixel_art_assets/textures/Nature_props_01_2.asset
  artifactKey: Guid(40156c7e914acfa4d91c4040efd1d449) Importer(815301076,1909f56bfc062723c751e8b465ee728b)
Start importing Assets/Nature_pixel_art_assets/textures/Nature_props_01_2.asset using Guid(40156c7e914acfa4d91c4040efd1d449) Importer(815301076,1909f56bfc062723c751e8b465ee728b)  -> (artifact id: '2b848dab9b55bc8706b947eb8e8114db') in 0.029553 seconds 
========================================================================
Received Import Request.
  Time since last request: 0.000015 seconds.
  path: Assets/Nature_pixel_art_assets/textures/Nature_props_01_25.asset
  artifactKey: Guid(7277b7257beed404f8001246ecefa5cc) Importer(815301076,1909f56bfc062723c751e8b465ee728b)
Start importing Assets/Nature_pixel_art_assets/textures/Nature_props_01_25.asset using Guid(7277b7257beed404f8001246ecefa5cc) Importer(815301076,1909f56bfc062723c751e8b465ee728b)  -> (artifact id: 'c5d60cc4759e342f6355b4781ed6952b') in 0.025313 seconds 
========================================================================
Received Import Request.
  Time since last request: 0.000025 seconds.
  path: Assets/Nature_pixel_art_assets/textures/Nature_props_01_11.asset
  artifactKey: Guid(95d5e65c75c03e64d927c6bcaaca5059) Importer(815301076,1909f56bfc062723c751e8b465ee728b)
Start importing Assets/Nature_pixel_art_assets/textures/Nature_props_01_11.asset using Guid(95d5e65c75c03e64d927c6bcaaca5059) Importer(815301076,1909f56bfc062723c751e8b465ee728b)  -> (artifact id: 'ddd8812c366eb01994f2c78f16bf47ef') in 0.080763 seconds 
========================================================================
Received Import Request.
  Time since last request: 0.000019 seconds.
  path: Assets/Nature_pixel_art_assets/textures/Nature_props_01_35.asset
  artifactKey: Guid(c4845a29c30ebda4cb035ee9df9bb9bb) Importer(815301076,1909f56bfc062723c751e8b465ee728b)
Start importing Assets/Nature_pixel_art_assets/textures/Nature_props_01_35.asset using Guid(c4845a29c30ebda4cb035ee9df9bb9bb) Importer(815301076,1909f56bfc062723c751e8b465ee728b)  -> (artifact id: 'bb67511aa8f98cf60bb6a795f99f3af3') in 0.047318 seconds 
========================================================================
Received Import Request.
  Time since last request: 0.000019 seconds.
  path: Assets/Nature_pixel_art_assets/textures/Nature_props_01_3.asset
  artifactKey: Guid(3010f86fd2ed4474ba588767f4747b2a) Importer(815301076,1909f56bfc062723c751e8b465ee728b)
Start importing Assets/Nature_pixel_art_assets/textures/Nature_props_01_3.asset using Guid(3010f86fd2ed4474ba588767f4747b2a) Importer(815301076,1909f56bfc062723c751e8b465ee728b)  -> (artifact id: 'c08eb3b986266120f5cd3011a81845f3') in 0.004739 seconds 
========================================================================
Received Import Request.
  Time since last request: 0.000015 seconds.
  path: Assets/Nature_pixel_art_assets/textures/Nature_props_01_28.asset
  artifactKey: Guid(0ea5402d65cdd424ab2e3f3e4538bd08) Importer(815301076,1909f56bfc062723c751e8b465ee728b)
Start importing Assets/Nature_pixel_art_assets/textures/Nature_props_01_28.asset using Guid(0ea5402d65cdd424ab2e3f3e4538bd08) Importer(815301076,1909f56bfc062723c751e8b465ee728b)  -> (artifact id: 'f63b7c040232a3cc0cb8340bb515e4c1') in 0.003947 seconds 
========================================================================
Received Import Request.
  Time since last request: 0.000019 seconds.
  path: Assets/Nature_pixel_art_assets/textures/Nature_props_01_27.asset
  artifactKey: Guid(e32deba3e6d24de4b85f0513d9dceb11) Importer(815301076,1909f56bfc062723c751e8b465ee728b)
Start importing Assets/Nature_pixel_art_assets/textures/Nature_props_01_27.asset using Guid(e32deba3e6d24de4b85f0513d9dceb11) Importer(815301076,1909f56bfc062723c751e8b465ee728b)  -> (artifact id: 'cc0355c9abd6b6b687c3acef8995b484') in 0.005552 seconds 
========================================================================
Received Import Request.
  Time since last request: 0.000013 seconds.
  path: Assets/Nature_pixel_art_assets/textures/Nature_props_01_6.asset
  artifactKey: Guid(7896256cb80000840bbe486afd3c1a2f) Importer(815301076,1909f56bfc062723c751e8b465ee728b)
Start importing Assets/Nature_pixel_art_assets/textures/Nature_props_01_6.asset using Guid(7896256cb80000840bbe486afd3c1a2f) Importer(815301076,1909f56bfc062723c751e8b465ee728b)  -> (artifact id: '4d4f0e30012599bec7f612acb24ee8cc') in 0.003861 seconds 
========================================================================
Received Import Request.
  Time since last request: 0.000018 seconds.
  path: Assets/Nature_pixel_art_assets/textures/New Palette.prefab
  artifactKey: Guid(2a2af500e4b87054ba8f3a4c39f25493) Importer(815301076,1909f56bfc062723c751e8b465ee728b)
Start importing Assets/Nature_pixel_art_assets/textures/New Palette.prefab using Guid(2a2af500e4b87054ba8f3a4c39f25493) Importer(815301076,1909f56bfc062723c751e8b465ee728b)  -> (artifact id: 'efe899d5525d6e193e26ad7ffce11df8') in 0.061101 seconds 
========================================================================
Received Import Request.
  Time since last request: 0.000023 seconds.
  path: Assets/Nature_pixel_art_assets/textures/Nature_props_01_18.asset
  artifactKey: Guid(0f714120d09420547afae55ec1878e92) Importer(815301076,1909f56bfc062723c751e8b465ee728b)
Start importing Assets/Nature_pixel_art_assets/textures/Nature_props_01_18.asset using Guid(0f714120d09420547afae55ec1878e92) Importer(815301076,1909f56bfc062723c751e8b465ee728b)  -> (artifact id: 'd698b662faa0d77ce7d0b839f043b89c') in 0.004345 seconds 
========================================================================
Received Import Request.
  Time since last request: 0.000023 seconds.
  path: Assets/Nature_pixel_art_assets/textures/Nature_props_01_4.asset
  artifactKey: Guid(45c1fa7c12d2a6c4f8266450cb4c11a9) Importer(815301076,1909f56bfc062723c751e8b465ee728b)
Start importing Assets/Nature_pixel_art_assets/textures/Nature_props_01_4.asset using Guid(45c1fa7c12d2a6c4f8266450cb4c11a9) Importer(815301076,1909f56bfc062723c751e8b465ee728b)  -> (artifact id: 'b79360ef42aade0b33ef4078f63967da') in 0.003904 seconds 
========================================================================
Received Import Request.
  Time since last request: 0.000017 seconds.
  path: Assets/Nature_pixel_art_assets/textures/Nature_props_01_8.asset
  artifactKey: Guid(b369eec84710d7246b640ffb89429eda) Importer(815301076,1909f56bfc062723c751e8b465ee728b)
Start importing Assets/Nature_pixel_art_assets/textures/Nature_props_01_8.asset using Guid(b369eec84710d7246b640ffb89429eda) Importer(815301076,1909f56bfc062723c751e8b465ee728b)  -> (artifact id: '7c990834b2227d27953da4e2dd9f8f46') in 0.004452 seconds 
========================================================================
Received Prepare
Registering precompiled user dll's ...
Registered in 0.001829 seconds.
Begin MonoManager ReloadAssembly
Native extension for WindowsStandalone target not found
Native extension for Android target not found
Refreshing native plugins compatible for Editor in 0.33 ms, found 2 plugins.
Preloading 0 native plugins for Editor in 0.00 ms.
Mono: successfully reloaded assembly
- Completed reload, in  0.624 seconds
Domain Reload Profiling:
	ReloadAssembly (624ms)
		BeginReloadAssembly (103ms)
			ExecutionOrderSort (0ms)
			DisableScriptedObjects (4ms)
			BackupInstance (0ms)
			ReleaseScriptingObjects (0ms)
			CreateAndSetChildDomain (24ms)
		EndReloadAssembly (453ms)
			LoadAssemblies (54ms)
			RebuildTransferFunctionScriptingTraits (0ms)
			SetupTypeCache (114ms)
			ReleaseScriptCaches (1ms)
			RebuildScriptCaches (30ms)
			SetupLoadedEditorAssemblies (206ms)
				LogAssemblyErrors (0ms)
				InitializePlatformSupportModulesInManaged (12ms)
				SetLoadedEditorAssemblies (0ms)
				RefreshPlugins (0ms)
				BeforeProcessingInitializeOnLoad (35ms)
				ProcessInitializeOnLoadAttributes (134ms)
				ProcessInitializeOnLoadMethodAttributes (18ms)
				AfterProcessingInitializeOnLoad (5ms)
				EditorAssembliesLoaded (0ms)
			ExecutionOrderSort2 (0ms)
			AwakeInstancesAfterBackupRestoration (5ms)
Platform modules already initialized, skipping
Refreshing native plugins compatible for Editor in 0.73 ms, found 2 plugins.
Preloading 0 native plugins for Editor in 0.00 ms.
Unloading 1485 Unused Serialized files (Serialized files now loaded: 0)
Unloading 9 unused Assets / (24.5 KB). Loaded Objects now: 2025.
Memory consumption went from 78.7 MB to 78.7 MB.
Total: 1.862400 ms (FindLiveObjects: 0.085100 ms CreateObjectMapping: 0.024100 ms MarkObjects: 1.739000 ms  DeleteObjects: 0.013400 ms)

AssetImportParameters requested are different than current active one (requested -> active):
  custom:video-decoder-ogg-theora: a1e56fd34408186e4bbccfd4996cb3dc -> 
  custom:container-muxer-webm: aa71ff27fc2769a1b78a27578f13a17b -> 
  custom:container-demuxer-webm: 4f35f7cbe854078d1ac9338744f61a02 -> 
  custom:video-encoder-webm-vp8: eb34c28f22e8b96e1ab97ce403110664 -> 
  custom:audio-encoder-webm-vorbis: bf7c407c2cedff20999df2af8eb42d56 -> 
  custom:framework-win-MediaFoundation: 216162199b28c13a410421893ffa2e32 -> 
  custom:container-demuxer-ogg: 62fdf1f143b41e24485cea50d1cbac27 -> 
  custom:video-decoder-webm-vp8: 9c59270c3fd7afecdb556c50c9e8de78 -> 
  custom:audio-decoder-ogg-vorbis: bf7c407c2cedff20999df2af8eb42d56 -> 
========================================================================
Received Import Request.
  Time since last request: 1184.814300 seconds.
  path: Assets/Textures/BackGround/New Palette.prefab
  artifactKey: Guid(45c0e03d76b97184cb61713a8a25893b) Importer(815301076,1909f56bfc062723c751e8b465ee728b)
Start importing Assets/Textures/BackGround/New Palette.prefab using Guid(45c0e03d76b97184cb61713a8a25893b) Importer(815301076,1909f56bfc062723c751e8b465ee728b)  -> (artifact id: '6cdea968d65b2656b3c7bf81e05f0eaf') in 0.059068 seconds 
========================================================================
Received Import Request.
  Time since last request: 11.860399 seconds.
  path: Assets/Yoge/ParallaxBackground - Forest 1/Images/2.png
  artifactKey: Guid(3eb0f6adad6cdda439ae49f4ca11127a) Importer(815301076,1909f56bfc062723c751e8b465ee728b)
Start importing Assets/Yoge/ParallaxBackground - Forest 1/Images/2.png using Guid(3eb0f6adad6cdda439ae49f4ca11127a) Importer(815301076,1909f56bfc062723c751e8b465ee728b)  -> (artifact id: 'ec47b814ba0b6734f143735cddb477e9') in 0.255278 seconds 
========================================================================
Received Import Request.
  Time since last request: 0.000023 seconds.
  path: Assets/Yoge/ParallaxBackground - Forest 1/Images/5.png
  artifactKey: Guid(d3ef3bea4a32c554e88af0c5c0b87708) Importer(815301076,1909f56bfc062723c751e8b465ee728b)
Start importing Assets/Yoge/ParallaxBackground - Forest 1/Images/5.png using Guid(d3ef3bea4a32c554e88af0c5c0b87708) Importer(815301076,1909f56bfc062723c751e8b465ee728b)  -> (artifact id: 'd668f37de2a401a5ac39f9ee7e7035a2') in 0.333668 seconds 
========================================================================
Received Import Request.
  Time since last request: 0.000025 seconds.
  path: Assets/Yoge/ParallaxBackground - Forest 1/Images/6.png
  artifactKey: Guid(f48bf19d2aa81f448b1a45891a189499) Importer(815301076,1909f56bfc062723c751e8b465ee728b)
Start importing Assets/Yoge/ParallaxBackground - Forest 1/Images/6.png using Guid(f48bf19d2aa81f448b1a45891a189499) Importer(815301076,1909f56bfc062723c751e8b465ee728b)  -> (artifact id: 'c697b887080c4ac0cbaaa4ed4133e46f') in 0.224616 seconds 
Editor requested this worker to shutdown with reason: Scaling down because of idle timeout
AssetImportWorker is now disconnected from the server
Process exiting
Exiting without the bug reporter. Application will terminate with return code 0