Using pre-set license
Built from '2021.3/staging' branch; Version is '2021.3.20f1 (577897200b8b) revision 5732503'; Using compiler version '192829333'; Build Type 'Release'
OS: 'Windows 10  (10.0.19045) 64bit Professional' Language: 'ko' Physical Memory: 16194 MB
BatchMode: 1, IsHumanControllingUs: 0, StartBugReporterOnCrash: 0, Is64bit: 1, IsPro: 1

COMMAND LINE ARGUMENTS:
C:\Program Files\Unity\Hub\Editor\2021.3.20f1\Editor\Unity.exe
-adb2
-batchMode
-noUpm
-name
AssetImportWorker4
-projectPath
C:/Users/SGA/Desktop/H123/hag
-logFile
Logs/AssetImportWorker4.log
-srvPort
50122
Successfully changed project path to: C:/Users/SGA/Desktop/H123/hag
C:/Users/SGA/Desktop/H123/hag
[UnityMemory] Configuration Parameters - Can be set up in boot.config
    "memorysetup-bucket-allocator-granularity=16"
    "memorysetup-bucket-allocator-bucket-count=8"
    "memorysetup-bucket-allocator-block-size=33554432"
    "memorysetup-bucket-allocator-block-count=8"
    "memorysetup-main-allocator-block-size=16777216"
    "memorysetup-thread-allocator-block-size=16777216"
    "memorysetup-gfx-main-allocator-block-size=16777216"
    "memorysetup-gfx-thread-allocator-block-size=16777216"
    "memorysetup-cache-allocator-block-size=4194304"
    "memorysetup-typetree-allocator-block-size=2097152"
    "memorysetup-profiler-bucket-allocator-granularity=16"
    "memorysetup-profiler-bucket-allocator-bucket-count=8"
    "memorysetup-profiler-bucket-allocator-block-size=33554432"
    "memorysetup-profiler-bucket-allocator-block-count=8"
    "memorysetup-profiler-allocator-block-size=16777216"
    "memorysetup-profiler-editor-allocator-block-size=1048576"
    "memorysetup-temp-allocator-size-main=16777216"
    "memorysetup-job-temp-allocator-block-size=2097152"
    "memorysetup-job-temp-allocator-block-size-background=1048576"
    "memorysetup-job-temp-allocator-reduction-small-platforms=262144"
    "memorysetup-temp-allocator-size-background-worker=32768"
    "memorysetup-temp-allocator-size-job-worker=262144"
    "memorysetup-temp-allocator-size-preload-manager=33554432"
    "memorysetup-temp-allocator-size-nav-mesh-worker=65536"
    "memorysetup-temp-allocator-size-audio-worker=65536"
    "memorysetup-temp-allocator-size-cloud-worker=32768"
    "memorysetup-temp-allocator-size-gi-baking-worker=262144"
    "memorysetup-temp-allocator-size-gfx=262144"
Player connection [3784] Host "[IP] 192.168.0.192 [Port] 0 [Flags] 2 [Guid] 2015416636 [EditorId] 2015416636 [Version] 1048832 [Id] WindowsEditor(7,DESKTOP-HQKDT44) [Debug] 1 [PackageName] WindowsEditor [ProjectName] Editor" joined multi-casting on [225.0.0.222:54997]...

Player connection [3784] Host "[IP] 192.168.0.192 [Port] 0 [Flags] 2 [Guid] 2015416636 [EditorId] 2015416636 [Version] 1048832 [Id] WindowsEditor(7,DESKTOP-HQKDT44) [Debug] 1 [PackageName] WindowsEditor [ProjectName] Editor" joined alternative multi-casting on [225.0.0.222:34997]...

Refreshing native plugins compatible for Editor in 30.24 ms, found 2 plugins.
Preloading 0 native plugins for Editor in 0.00 ms.
Initialize engine version: 2021.3.20f1 (577897200b8b)
[Subsystems] Discovering subsystems at path C:/Program Files/Unity/Hub/Editor/2021.3.20f1/Editor/Data/Resources/UnitySubsystems
[Subsystems] Discovering subsystems at path C:/Users/SGA/Desktop/H123/hag/Assets
GfxDevice: creating device client; threaded=0; jobified=0
Direct3D:
    Version:  Direct3D 11.0 [level 11.1]
    Renderer: NVIDIA GeForce GTX 1650 (ID=0x1f82)
    Vendor:   NVIDIA
    VRAM:     3949 MB
    Driver:   31.0.15.3118
Initialize mono
Mono path[0] = 'C:/Program Files/Unity/Hub/Editor/2021.3.20f1/Editor/Data/Managed'
Mono path[1] = 'C:/Program Files/Unity/Hub/Editor/2021.3.20f1/Editor/Data/MonoBleedingEdge/lib/mono/unityjit-win32'
Mono config path = 'C:/Program Files/Unity/Hub/Editor/2021.3.20f1/Editor/Data/MonoBleedingEdge/etc'
Using monoOptions --debugger-agent=transport=dt_socket,embedding=1,server=y,suspend=n,address=127.0.0.1:56768
Begin MonoManager ReloadAssembly
Registering precompiled unity dll's ...
Register platform support module: C:/Program Files/Unity/Hub/Editor/2021.3.20f1/Editor/Data/PlaybackEngines/AndroidPlayer/UnityEditor.Android.Extensions.dll
Register platform support module: C:/Program Files/Unity/Hub/Editor/2021.3.20f1/Editor/Data/PlaybackEngines/WindowsStandaloneSupport/UnityEditor.WindowsStandalone.Extensions.dll
Registered in 0.004035 seconds.
Native extension for WindowsStandalone target not found
Native extension for Android target not found
Android Extension - Scanning For ADB Devices 164 ms
Refreshing native plugins compatible for Editor in 26.69 ms, found 2 plugins.
Preloading 0 native plugins for Editor in 0.00 ms.
Mono: successfully reloaded assembly
- Completed reload, in  0.562 seconds
Domain Reload Profiling:
	ReloadAssembly (562ms)
		BeginReloadAssembly (57ms)
			ExecutionOrderSort (0ms)
			DisableScriptedObjects (0ms)
			BackupInstance (0ms)
			ReleaseScriptingObjects (0ms)
			CreateAndSetChildDomain (1ms)
		EndReloadAssembly (439ms)
			LoadAssemblies (56ms)
			RebuildTransferFunctionScriptingTraits (0ms)
			SetupTypeCache (66ms)
			ReleaseScriptCaches (0ms)
			RebuildScriptCaches (17ms)
			SetupLoadedEditorAssemblies (324ms)
				LogAssemblyErrors (0ms)
				InitializePlatformSupportModulesInManaged (208ms)
				SetLoadedEditorAssemblies (0ms)
				RefreshPlugins (27ms)
				BeforeProcessingInitializeOnLoad (1ms)
				ProcessInitializeOnLoadAttributes (61ms)
				ProcessInitializeOnLoadMethodAttributes (28ms)
				AfterProcessingInitializeOnLoad (0ms)
				EditorAssembliesLoaded (0ms)
			ExecutionOrderSort2 (0ms)
			AwakeInstancesAfterBackupRestoration (0ms)
Platform modules already initialized, skipping
Registering precompiled user dll's ...
Registered in 0.001407 seconds.
Begin MonoManager ReloadAssembly
Native extension for WindowsStandalone target not found
Native extension for Android target not found
Refreshing native plugins compatible for Editor in 0.31 ms, found 2 plugins.
Preloading 0 native plugins for Editor in 0.00 ms.
Mono: successfully reloaded assembly
- Completed reload, in  0.624 seconds
Domain Reload Profiling:
	ReloadAssembly (625ms)
		BeginReloadAssembly (76ms)
			ExecutionOrderSort (0ms)
			DisableScriptedObjects (4ms)
			BackupInstance (0ms)
			ReleaseScriptingObjects (0ms)
			CreateAndSetChildDomain (13ms)
		EndReloadAssembly (478ms)
			LoadAssemblies (51ms)
			RebuildTransferFunctionScriptingTraits (0ms)
			SetupTypeCache (111ms)
			ReleaseScriptCaches (0ms)
			RebuildScriptCaches (29ms)
			SetupLoadedEditorAssemblies (223ms)
				LogAssemblyErrors (0ms)
				InitializePlatformSupportModulesInManaged (13ms)
				SetLoadedEditorAssemblies (0ms)
				RefreshPlugins (0ms)
				BeforeProcessingInitializeOnLoad (44ms)
				ProcessInitializeOnLoadAttributes (141ms)
				ProcessInitializeOnLoadMethodAttributes (21ms)
				AfterProcessingInitializeOnLoad (4ms)
				EditorAssembliesLoaded (0ms)
			ExecutionOrderSort2 (0ms)
			AwakeInstancesAfterBackupRestoration (4ms)
Platform modules already initialized, skipping
========================================================================
Worker process is ready to serve import requests
Launched and connected shader compiler UnityShaderCompiler.exe after 0.03 seconds
Refreshing native plugins compatible for Editor in 0.32 ms, found 2 plugins.
Preloading 0 native plugins for Editor in 0.00 ms.
Unloading 1511 Unused Serialized files (Serialized files now loaded: 0)
Unloading 20 unused Assets / (56.3 KB). Loaded Objects now: 1991.
Memory consumption went from 77.3 MB to 77.2 MB.
Total: 1.912900 ms (FindLiveObjects: 0.091200 ms CreateObjectMapping: 0.024200 ms MarkObjects: 1.738800 ms  DeleteObjects: 0.057700 ms)

AssetImportParameters requested are different than current active one (requested -> active):
  custom:video-decoder-ogg-theora: a1e56fd34408186e4bbccfd4996cb3dc -> 
  custom:container-muxer-webm: aa71ff27fc2769a1b78a27578f13a17b -> 
  custom:container-demuxer-webm: 4f35f7cbe854078d1ac9338744f61a02 -> 
  custom:video-encoder-webm-vp8: eb34c28f22e8b96e1ab97ce403110664 -> 
  custom:audio-encoder-webm-vorbis: bf7c407c2cedff20999df2af8eb42d56 -> 
  custom:framework-win-MediaFoundation: 216162199b28c13a410421893ffa2e32 -> 
  custom:container-demuxer-ogg: 62fdf1f143b41e24485cea50d1cbac27 -> 
  custom:video-decoder-webm-vp8: 9c59270c3fd7afecdb556c50c9e8de78 -> 
  custom:audio-decoder-ogg-vorbis: bf7c407c2cedff20999df2af8eb42d56 -> 
========================================================================
Received Import Request.
  Time since last request: 6868.842078 seconds.
  path: Assets/New Folder/W2
  artifactKey: Guid(bd4d282f5168f71409a073ec2a3456bd) Importer(815301076,1909f56bfc062723c751e8b465ee728b)
Start importing Assets/New Folder/W2 using Guid(bd4d282f5168f71409a073ec2a3456bd) Importer(815301076,1909f56bfc062723c751e8b465ee728b)  -> (artifact id: '4173d7d9d91d135f5af54a4994d7bddd') in 0.007155 seconds 
========================================================================
Received Import Request.
  Time since last request: 0.033992 seconds.
  path: Assets/New Folder/W2/attack.png
  artifactKey: Guid(eefa7770ef9aa5743af53bcfee32fd20) Importer(815301076,1909f56bfc062723c751e8b465ee728b)
Start importing Assets/New Folder/W2/attack.png using Guid(eefa7770ef9aa5743af53bcfee32fd20) Importer(815301076,1909f56bfc062723c751e8b465ee728b)  -> (artifact id: '60be7618e30cdbc7036e3af3fe010e71') in 0.086259 seconds 
========================================================================
Received Import Request.
  Time since last request: 1.085555 seconds.
  path: Assets/New Folder/Lobby
  artifactKey: Guid(201e1550ec9aeae408df9872d6f4457b) Importer(815301076,1909f56bfc062723c751e8b465ee728b)
Start importing Assets/New Folder/Lobby using Guid(201e1550ec9aeae408df9872d6f4457b) Importer(815301076,1909f56bfc062723c751e8b465ee728b)  -> (artifact id: 'ad8a122f2576608e460695a76b3306cc') in 0.005149 seconds 
========================================================================
Received Import Request.
  Time since last request: 0.078915 seconds.
  path: Assets/New Folder/Lobby/55.png
  artifactKey: Guid(a24decc1558942049b98fb8fce72ec8d) Importer(815301076,1909f56bfc062723c751e8b465ee728b)
Start importing Assets/New Folder/Lobby/55.png using Guid(a24decc1558942049b98fb8fce72ec8d) Importer(815301076,1909f56bfc062723c751e8b465ee728b)  -> (artifact id: '7108c831714ef1090a758280e26fbe07') in 0.041746 seconds 
========================================================================
Received Import Request.
  Time since last request: 0.000019 seconds.
  path: Assets/New Folder/Lobby/Blackbox_ui2.png
  artifactKey: Guid(13ac7045811cfc84689e03eb1a126cc9) Importer(815301076,1909f56bfc062723c751e8b465ee728b)
Start importing Assets/New Folder/Lobby/Blackbox_ui2.png using Guid(13ac7045811cfc84689e03eb1a126cc9) Importer(815301076,1909f56bfc062723c751e8b465ee728b)  -> (artifact id: 'ce06b71835b628a534c33a99b9203113') in 0.013285 seconds 
========================================================================
Received Import Request.
  Time since last request: 0.000013 seconds.
  path: Assets/New Folder/Lobby/Dormitory.png
  artifactKey: Guid(57064035d05d997469720563fceffdd9) Importer(815301076,1909f56bfc062723c751e8b465ee728b)
Start importing Assets/New Folder/Lobby/Dormitory.png using Guid(57064035d05d997469720563fceffdd9) Importer(815301076,1909f56bfc062723c751e8b465ee728b)  -> (artifact id: '7b12bb9f8d631da5492cdc57d86ad794') in 0.015116 seconds 
========================================================================
Received Import Request.
  Time since last request: 0.000018 seconds.
  path: Assets/New Folder/Lobby/Lv_ui1.png
  artifactKey: Guid(f38f7f786cda2e24c837d5f5eced03f4) Importer(815301076,1909f56bfc062723c751e8b465ee728b)
Start importing Assets/New Folder/Lobby/Lv_ui1.png using Guid(f38f7f786cda2e24c837d5f5eced03f4) Importer(815301076,1909f56bfc062723c751e8b465ee728b)  -> (artifact id: '50392afa09edf4c05c32e2367b2b8408') in 0.013683 seconds 
========================================================================
Received Import Request.
  Time since last request: 0.000027 seconds.
  path: Assets/New Folder/Lobby/Setting_icon.png
  artifactKey: Guid(61ad80fb105df5f4ca431f15dc2eb379) Importer(815301076,1909f56bfc062723c751e8b465ee728b)
Start importing Assets/New Folder/Lobby/Setting_icon.png using Guid(61ad80fb105df5f4ca431f15dc2eb379) Importer(815301076,1909f56bfc062723c751e8b465ee728b)  -> (artifact id: 'a9ec9770b703b6f89090fd4ce9072539') in 0.013056 seconds 
========================================================================
Received Import Request.
  Time since last request: 0.000014 seconds.
  path: Assets/New Folder/Lobby/sactx-1024x1024-Crunch-Home_Atlas-691b4061.png
  artifactKey: Guid(d0fb261bf9c541e4c817d8e1707f6d71) Importer(815301076,1909f56bfc062723c751e8b465ee728b)
Start importing Assets/New Folder/Lobby/sactx-1024x1024-Crunch-Home_Atlas-691b4061.png using Guid(d0fb261bf9c541e4c817d8e1707f6d71) Importer(815301076,1909f56bfc062723c751e8b465ee728b)  -> (artifact id: '851bda62a6cc8056250e0d5575c787b8') in 0.014210 seconds 
========================================================================
Received Import Request.
  Time since last request: 0.000016 seconds.
  path: Assets/New Folder/Lobby/sactx-1024x1024-ETC1-HomeBig_Atlas-67437f68.png
  artifactKey: Guid(06acfafd9a19a504ab61e9e3944ea442) Importer(815301076,1909f56bfc062723c751e8b465ee728b)
Start importing Assets/New Folder/Lobby/sactx-1024x1024-ETC1-HomeBig_Atlas-67437f68.png using Guid(06acfafd9a19a504ab61e9e3944ea442) Importer(815301076,1909f56bfc062723c751e8b465ee728b)  -> (artifact id: '3faf0d38c887ef63c7b49b6e327c58e8') in 0.014088 seconds 
========================================================================
Received Import Request.
  Time since last request: 0.000014 seconds.
  path: Assets/New Folder/Lobby/Factory.png
  artifactKey: Guid(d23fc1cb46211d54aab2aa283e79164e) Importer(815301076,1909f56bfc062723c751e8b465ee728b)
Start importing Assets/New Folder/Lobby/Factory.png using Guid(d23fc1cb46211d54aab2aa283e79164e) Importer(815301076,1909f56bfc062723c751e8b465ee728b)  -> (artifact id: '2da79d2529af6d5e99b36955f1523e4d') in 0.013142 seconds 
========================================================================
Received Import Request.
  Time since last request: 0.000016 seconds.
  path: Assets/New Folder/Lobby/Storage_icon.png
  artifactKey: Guid(31971be7234f46f40b3e82629d303d3d) Importer(815301076,1909f56bfc062723c751e8b465ee728b)
Start importing Assets/New Folder/Lobby/Storage_icon.png using Guid(31971be7234f46f40b3e82629d303d3d) Importer(815301076,1909f56bfc062723c751e8b465ee728b)  -> (artifact id: '5dc62ac4879ad6a070f6ae1dd833fe59') in 0.012198 seconds 
========================================================================
Received Import Request.
  Time since last request: 0.000017 seconds.
  path: Assets/New Folder/Lobby/Restore.png
  artifactKey: Guid(c0d23b82b291c9b4c992364b5f28f466) Importer(815301076,1909f56bfc062723c751e8b465ee728b)
Start importing Assets/New Folder/Lobby/Restore.png using Guid(c0d23b82b291c9b4c992364b5f28f466) Importer(815301076,1909f56bfc062723c751e8b465ee728b)  -> (artifact id: '272fc2eeb9129a9b77e8dcfa4074c95f') in 0.015011 seconds 
========================================================================
Received Import Request.
  Time since last request: 2.628658 seconds.
  path: Assets/War
  artifactKey: Guid(222e475898382684cb35859fb0ef1290) Importer(815301076,1909f56bfc062723c751e8b465ee728b)
Start importing Assets/War using Guid(222e475898382684cb35859fb0ef1290) Importer(815301076,1909f56bfc062723c751e8b465ee728b)  -> (artifact id: '5a903f6ee50d8e47a3ab79ce601a846a') in 0.006438 seconds 
========================================================================
Received Import Request.
  Time since last request: 1.179804 seconds.
  path: Assets/War/Bu.png
  artifactKey: Guid(2436fad88076e3944ab192550b6ebb9e) Importer(815301076,1909f56bfc062723c751e8b465ee728b)
Start importing Assets/War/Bu.png using Guid(2436fad88076e3944ab192550b6ebb9e) Importer(815301076,1909f56bfc062723c751e8b465ee728b)  -> (artifact id: 'da1a82023199334d47e92caf2d1d1156') in 0.104484 seconds 
========================================================================
Received Prepare
Registering precompiled user dll's ...
Registered in 0.001368 seconds.
Begin MonoManager ReloadAssembly
Native extension for WindowsStandalone target not found
Native extension for Android target not found
Refreshing native plugins compatible for Editor in 0.38 ms, found 2 plugins.
Preloading 0 native plugins for Editor in 0.00 ms.
Mono: successfully reloaded assembly
- Completed reload, in  0.676 seconds
Domain Reload Profiling:
	ReloadAssembly (676ms)
		BeginReloadAssembly (95ms)
			ExecutionOrderSort (0ms)
			DisableScriptedObjects (4ms)
			BackupInstance (0ms)
			ReleaseScriptingObjects (0ms)
			CreateAndSetChildDomain (23ms)
		EndReloadAssembly (516ms)
			LoadAssemblies (56ms)
			RebuildTransferFunctionScriptingTraits (0ms)
			SetupTypeCache (178ms)
			ReleaseScriptCaches (1ms)
			RebuildScriptCaches (32ms)
			SetupLoadedEditorAssemblies (209ms)
				LogAssemblyErrors (0ms)
				InitializePlatformSupportModulesInManaged (13ms)
				SetLoadedEditorAssemblies (0ms)
				RefreshPlugins (0ms)
				BeforeProcessingInitializeOnLoad (30ms)
				ProcessInitializeOnLoadAttributes (139ms)
				ProcessInitializeOnLoadMethodAttributes (20ms)
				AfterProcessingInitializeOnLoad (5ms)
				EditorAssembliesLoaded (0ms)
			ExecutionOrderSort2 (0ms)
			AwakeInstancesAfterBackupRestoration (6ms)
Platform modules already initialized, skipping
Refreshing native plugins compatible for Editor in 1.15 ms, found 2 plugins.
Preloading 0 native plugins for Editor in 0.00 ms.
Unloading 1485 Unused Serialized files (Serialized files now loaded: 0)
Unloading 9 unused Assets / (24.6 KB). Loaded Objects now: 2003.
Memory consumption went from 78.6 MB to 78.6 MB.
Total: 2.187000 ms (FindLiveObjects: 0.097600 ms CreateObjectMapping: 0.026900 ms MarkObjects: 2.046900 ms  DeleteObjects: 0.014500 ms)

AssetImportParameters requested are different than current active one (requested -> active):
  custom:video-decoder-ogg-theora: a1e56fd34408186e4bbccfd4996cb3dc -> 
  custom:container-muxer-webm: aa71ff27fc2769a1b78a27578f13a17b -> 
  custom:container-demuxer-webm: 4f35f7cbe854078d1ac9338744f61a02 -> 
  custom:video-encoder-webm-vp8: eb34c28f22e8b96e1ab97ce403110664 -> 
  custom:audio-encoder-webm-vorbis: bf7c407c2cedff20999df2af8eb42d56 -> 
  custom:framework-win-MediaFoundation: 216162199b28c13a410421893ffa2e32 -> 
  custom:container-demuxer-ogg: 62fdf1f143b41e24485cea50d1cbac27 -> 
  custom:video-decoder-webm-vp8: 9c59270c3fd7afecdb556c50c9e8de78 -> 
  custom:audio-decoder-ogg-vorbis: bf7c407c2cedff20999df2af8eb42d56 -> 
