Using pre-set license
Built from '2021.3/staging' branch; Version is '2021.3.20f1 (577897200b8b) revision 5732503'; Using compiler version '192829333'; Build Type 'Release'
OS: 'Windows 10  (10.0.19044) 64bit Core' Language: 'ko' Physical Memory: 16318 MB
BatchMode: 1, IsHumanControllingUs: 0, StartBugReporterOnCrash: 0, Is64bit: 1, IsPro: 1

COMMAND LINE ARGUMENTS:
C:\Program Files\Unity\Hub\Editor\2021.3.20f1\Editor\Unity.exe
-adb2
-batchMode
-noUpm
-name
AssetImportWorker0
-projectPath
C:/Users/하승진/Desktop/H123/hag
-logFile
Logs/AssetImportWorker0.log
-srvPort
58744
Successfully changed project path to: C:/Users/하승진/Desktop/H123/hag
C:/Users/하승진/Desktop/H123/hag
[UnityMemory] Configuration Parameters - Can be set up in boot.config
    "memorysetup-bucket-allocator-granularity=16"
    "memorysetup-bucket-allocator-bucket-count=8"
    "memorysetup-bucket-allocator-block-size=33554432"
    "memorysetup-bucket-allocator-block-count=8"
    "memorysetup-main-allocator-block-size=16777216"
    "memorysetup-thread-allocator-block-size=16777216"
    "memorysetup-gfx-main-allocator-block-size=16777216"
    "memorysetup-gfx-thread-allocator-block-size=16777216"
    "memorysetup-cache-allocator-block-size=4194304"
    "memorysetup-typetree-allocator-block-size=2097152"
    "memorysetup-profiler-bucket-allocator-granularity=16"
    "memorysetup-profiler-bucket-allocator-bucket-count=8"
    "memorysetup-profiler-bucket-allocator-block-size=33554432"
    "memorysetup-profiler-bucket-allocator-block-count=8"
    "memorysetup-profiler-allocator-block-size=16777216"
    "memorysetup-profiler-editor-allocator-block-size=1048576"
    "memorysetup-temp-allocator-size-main=16777216"
    "memorysetup-job-temp-allocator-block-size=2097152"
    "memorysetup-job-temp-allocator-block-size-background=1048576"
    "memorysetup-job-temp-allocator-reduction-small-platforms=262144"
    "memorysetup-temp-allocator-size-background-worker=32768"
    "memorysetup-temp-allocator-size-job-worker=262144"
    "memorysetup-temp-allocator-size-preload-manager=33554432"
    "memorysetup-temp-allocator-size-nav-mesh-worker=65536"
    "memorysetup-temp-allocator-size-audio-worker=65536"
    "memorysetup-temp-allocator-size-cloud-worker=32768"
    "memorysetup-temp-allocator-size-gi-baking-worker=262144"
    "memorysetup-temp-allocator-size-gfx=262144"
Player connection [13616] Host "[IP] 192.168.45.139 [Port] 0 [Flags] 2 [Guid] 290122319 [EditorId] 290122319 [Version] 1048832 [Id] WindowsEditor(7,DESKTOP-CTVQBE8) [Debug] 1 [PackageName] WindowsEditor [ProjectName] Editor" joined multi-casting on [225.0.0.222:54997]...

Player connection [13616] Host "[IP] 192.168.45.139 [Port] 0 [Flags] 2 [Guid] 290122319 [EditorId] 290122319 [Version] 1048832 [Id] WindowsEditor(7,DESKTOP-CTVQBE8) [Debug] 1 [PackageName] WindowsEditor [ProjectName] Editor" joined alternative multi-casting on [225.0.0.222:34997]...

Refreshing native plugins compatible for Editor in 29.63 ms, found 2 plugins.
Preloading 0 native plugins for Editor in 0.00 ms.
Initialize engine version: 2021.3.20f1 (577897200b8b)
[Subsystems] Discovering subsystems at path C:/Program Files/Unity/Hub/Editor/2021.3.20f1/Editor/Data/Resources/UnitySubsystems
[Subsystems] Discovering subsystems at path C:/Users/하승진/Desktop/H123/hag/Assets
GfxDevice: creating device client; threaded=0; jobified=0
Direct3D:
    Version:  Direct3D 11.0 [level 11.1]
    Renderer: NVIDIA GeForce GTX 1650 SUPER (ID=0x2187)
    Vendor:   NVIDIA
    VRAM:     3943 MB
    Driver:   31.0.15.3129
Initialize mono
Mono path[0] = 'C:/Program Files/Unity/Hub/Editor/2021.3.20f1/Editor/Data/Managed'
Mono path[1] = 'C:/Program Files/Unity/Hub/Editor/2021.3.20f1/Editor/Data/MonoBleedingEdge/lib/mono/unityjit-win32'
Mono config path = 'C:/Program Files/Unity/Hub/Editor/2021.3.20f1/Editor/Data/MonoBleedingEdge/etc'
Using monoOptions --debugger-agent=transport=dt_socket,embedding=1,server=y,suspend=n,address=127.0.0.1:56120
Begin MonoManager ReloadAssembly
Registering precompiled unity dll's ...
Register platform support module: C:/Program Files/Unity/Hub/Editor/2021.3.20f1/Editor/Data/PlaybackEngines/AndroidPlayer/UnityEditor.Android.Extensions.dll
Register platform support module: C:/Program Files/Unity/Hub/Editor/2021.3.20f1/Editor/Data/PlaybackEngines/WindowsStandaloneSupport/UnityEditor.WindowsStandalone.Extensions.dll
Registered in 0.007642 seconds.
Native extension for WindowsStandalone target not found
Native extension for Android target not found
Android Extension - Scanning For ADB Devices 224 ms
Refreshing native plugins compatible for Editor in 28.66 ms, found 2 plugins.
Preloading 0 native plugins for Editor in 0.00 ms.
Mono: successfully reloaded assembly
- Completed reload, in  0.775 seconds
Domain Reload Profiling:
	ReloadAssembly (775ms)
		BeginReloadAssembly (78ms)
			ExecutionOrderSort (0ms)
			DisableScriptedObjects (0ms)
			BackupInstance (0ms)
			ReleaseScriptingObjects (0ms)
			CreateAndSetChildDomain (1ms)
		EndReloadAssembly (603ms)
			LoadAssemblies (76ms)
			RebuildTransferFunctionScriptingTraits (0ms)
			SetupTypeCache (99ms)
			ReleaseScriptCaches (0ms)
			RebuildScriptCaches (23ms)
			SetupLoadedEditorAssemblies (437ms)
				LogAssemblyErrors (0ms)
				InitializePlatformSupportModulesInManaged (283ms)
				SetLoadedEditorAssemblies (0ms)
				RefreshPlugins (29ms)
				BeforeProcessingInitializeOnLoad (1ms)
				ProcessInitializeOnLoadAttributes (85ms)
				ProcessInitializeOnLoadMethodAttributes (39ms)
				AfterProcessingInitializeOnLoad (0ms)
				EditorAssembliesLoaded (0ms)
			ExecutionOrderSort2 (0ms)
			AwakeInstancesAfterBackupRestoration (0ms)
Platform modules already initialized, skipping
Registering precompiled user dll's ...
Registered in 0.002485 seconds.
Begin MonoManager ReloadAssembly
Native extension for WindowsStandalone target not found
Native extension for Android target not found
Refreshing native plugins compatible for Editor in 0.38 ms, found 2 plugins.
Preloading 0 native plugins for Editor in 0.00 ms.
Mono: successfully reloaded assembly
- Completed reload, in  0.742 seconds
Domain Reload Profiling:
	ReloadAssembly (743ms)
		BeginReloadAssembly (106ms)
			ExecutionOrderSort (0ms)
			DisableScriptedObjects (5ms)
			BackupInstance (0ms)
			ReleaseScriptingObjects (0ms)
			CreateAndSetChildDomain (18ms)
		EndReloadAssembly (538ms)
			LoadAssemblies (70ms)
			RebuildTransferFunctionScriptingTraits (0ms)
			SetupTypeCache (151ms)
			ReleaseScriptCaches (0ms)
			RebuildScriptCaches (35ms)
			SetupLoadedEditorAssemblies (256ms)
				LogAssemblyErrors (0ms)
				InitializePlatformSupportModulesInManaged (17ms)
				SetLoadedEditorAssemblies (0ms)
				RefreshPlugins (0ms)
				BeforeProcessingInitializeOnLoad (47ms)
				ProcessInitializeOnLoadAttributes (167ms)
				ProcessInitializeOnLoadMethodAttributes (16ms)
				AfterProcessingInitializeOnLoad (9ms)
				EditorAssembliesLoaded (0ms)
			ExecutionOrderSort2 (0ms)
			AwakeInstancesAfterBackupRestoration (5ms)
Platform modules already initialized, skipping
========================================================================
Worker process is ready to serve import requests
Launched and connected shader compiler UnityShaderCompiler.exe after 0.04 seconds
Refreshing native plugins compatible for Editor in 0.39 ms, found 2 plugins.
Preloading 0 native plugins for Editor in 0.00 ms.
Unloading 1419 Unused Serialized files (Serialized files now loaded: 0)
Unloading 16 unused Assets / (56.6 KB). Loaded Objects now: 1895.
Memory consumption went from 72.1 MB to 72.0 MB.
Total: 2.429800 ms (FindLiveObjects: 0.131500 ms CreateObjectMapping: 0.036700 ms MarkObjects: 2.186200 ms  DeleteObjects: 0.074200 ms)

AssetImportParameters requested are different than current active one (requested -> active):
  custom:video-decoder-ogg-theora: a1e56fd34408186e4bbccfd4996cb3dc -> 
  custom:container-muxer-webm: aa71ff27fc2769a1b78a27578f13a17b -> 
  custom:container-demuxer-webm: 4f35f7cbe854078d1ac9338744f61a02 -> 
  custom:video-encoder-webm-vp8: eb34c28f22e8b96e1ab97ce403110664 -> 
  custom:audio-encoder-webm-vorbis: bf7c407c2cedff20999df2af8eb42d56 -> 
  custom:framework-win-MediaFoundation: 216162199b28c13a410421893ffa2e32 -> 
  custom:container-demuxer-ogg: 62fdf1f143b41e24485cea50d1cbac27 -> 
  custom:video-decoder-webm-vp8: 9c59270c3fd7afecdb556c50c9e8de78 -> 
  custom:audio-decoder-ogg-vorbis: bf7c407c2cedff20999df2af8eb42d56 -> 
========================================================================
Received Import Request.
  Time since last request: 1411987.419650 seconds.
  path: Assets/99. Resource
  artifactKey: Guid(644ad0cf1979e4349807b26ff2602150) Importer(815301076,1909f56bfc062723c751e8b465ee728b)
Start importing Assets/99. Resource using Guid(644ad0cf1979e4349807b26ff2602150) Importer(815301076,1909f56bfc062723c751e8b465ee728b)  -> (artifact id: '177c5fd45962becfcdd28b6f677a8aa6') in 0.008782 seconds 
========================================================================
Received Import Request.
  Time since last request: 0.001108 seconds.
  path: Assets/FX
  artifactKey: Guid(cfa2ce83d051ae24e91acc9af25a061c) Importer(815301076,1909f56bfc062723c751e8b465ee728b)
Start importing Assets/FX using Guid(cfa2ce83d051ae24e91acc9af25a061c) Importer(815301076,1909f56bfc062723c751e8b465ee728b)  -> (artifact id: '49cd50c05ec8bb9ba5624a19a2c2f382') in 0.013429 seconds 
========================================================================
Received Import Request.
  Time since last request: 0.251615 seconds.
  path: Assets/Anumations/Boss
  artifactKey: Guid(6dc178a81e04cb040a847fc118c93d56) Importer(815301076,1909f56bfc062723c751e8b465ee728b)
Start importing Assets/Anumations/Boss using Guid(6dc178a81e04cb040a847fc118c93d56) Importer(815301076,1909f56bfc062723c751e8b465ee728b)  -> (artifact id: 'a58f3802bf0244c5fa3aa184d6a4ab5a') in 0.007058 seconds 
========================================================================
Received Import Request.
  Time since last request: 1.329089 seconds.
  path: Assets/Anumations/Boss/Attack.anim
  artifactKey: Guid(9270e49f2cbc22c449374bf415b9ca14) Importer(815301076,1909f56bfc062723c751e8b465ee728b)
Start importing Assets/Anumations/Boss/Attack.anim using Guid(9270e49f2cbc22c449374bf415b9ca14) Importer(815301076,1909f56bfc062723c751e8b465ee728b)  -> (artifact id: 'b8a29d2c574c1f330506b8b84de043e1') in 0.027647 seconds 
========================================================================
Received Import Request.
  Time since last request: 4.839936 seconds.
  path: Assets/Anumations/Controller/EnemyBullet.controller
  artifactKey: Guid(4e418779821243b41ba63c609f9621ba) Importer(815301076,1909f56bfc062723c751e8b465ee728b)
Start importing Assets/Anumations/Controller/EnemyBullet.controller using Guid(4e418779821243b41ba63c609f9621ba) Importer(815301076,1909f56bfc062723c751e8b465ee728b)  -> (artifact id: '464f93483d564237eaad647c5e0d6d25') in 0.008760 seconds 
========================================================================
Received Import Request.
  Time since last request: 14.273104 seconds.
  path: Assets/Scripts
  artifactKey: Guid(4001f7645ec89ed4e88ce01030284aea) Importer(815301076,1909f56bfc062723c751e8b465ee728b)
Start importing Assets/Scripts using Guid(4001f7645ec89ed4e88ce01030284aea) Importer(815301076,1909f56bfc062723c751e8b465ee728b)  -> (artifact id: '36473519a8b498dbc7d24bae66faed94') in 0.002120 seconds 
========================================================================
Received Import Request.
  Time since last request: 12.806957 seconds.
  path: Assets/Scripts/BossController.cs
  artifactKey: Guid(86d6dbb5b6b89484b9b221e33e5c03d7) Importer(815301076,1909f56bfc062723c751e8b465ee728b)
Start importing Assets/Scripts/BossController.cs using Guid(86d6dbb5b6b89484b9b221e33e5c03d7) Importer(815301076,1909f56bfc062723c751e8b465ee728b)  -> (artifact id: 'c3990cfed757e433b4f55f0d43f8b70a') in 0.009621 seconds 
========================================================================
Received Import Request.
  Time since last request: 37.459530 seconds.
  path: Assets/99. Resource/Undead Survivor/Animations/Enemy/AcEnemy 1.overrideController
  artifactKey: Guid(050556270436d4f4288557291a1a99c0) Importer(815301076,1909f56bfc062723c751e8b465ee728b)
Start importing Assets/99. Resource/Undead Survivor/Animations/Enemy/AcEnemy 1.overrideController using Guid(050556270436d4f4288557291a1a99c0) Importer(815301076,1909f56bfc062723c751e8b465ee728b)  -> (artifact id: 'b41c8fa78714c267e6ddf5f3ebcbfe05') in 0.011403 seconds 
========================================================================
Received Import Request.
  Time since last request: 0.000016 seconds.
  path: Assets/99. Resource/Undead Survivor/Animations/Enemy/AcEnemy 3.overrideController
  artifactKey: Guid(8d1d920724ffb8a409ce0e458dc4b7a9) Importer(815301076,1909f56bfc062723c751e8b465ee728b)
Start importing Assets/99. Resource/Undead Survivor/Animations/Enemy/AcEnemy 3.overrideController using Guid(8d1d920724ffb8a409ce0e458dc4b7a9) Importer(815301076,1909f56bfc062723c751e8b465ee728b)  -> (artifact id: '4bbf0fab47f67baca399a81887f51be9') in 0.007558 seconds 
========================================================================
Received Import Request.
  Time since last request: 0.000016 seconds.
  path: Assets/99. Resource/Undead Survivor/Animations/Enemy/AcEnemy 4.overrideController
  artifactKey: Guid(25f7a818644b68042bb0c0c2a28d1550) Importer(815301076,1909f56bfc062723c751e8b465ee728b)
Start importing Assets/99. Resource/Undead Survivor/Animations/Enemy/AcEnemy 4.overrideController using Guid(25f7a818644b68042bb0c0c2a28d1550) Importer(815301076,1909f56bfc062723c751e8b465ee728b)  -> (artifact id: '60aa865ed3f8f3a84ccf5c0eb90c4955') in 0.007737 seconds 
========================================================================
Received Import Request.
  Time since last request: 17.867846 seconds.
  path: Assets/Anumations/Controller
  artifactKey: Guid(cc7966d5673b6b64db60167b8ffa7460) Importer(815301076,1909f56bfc062723c751e8b465ee728b)
Start importing Assets/Anumations/Controller using Guid(cc7966d5673b6b64db60167b8ffa7460) Importer(815301076,1909f56bfc062723c751e8b465ee728b)  -> (artifact id: 'b6828ca22dcaeb25687e692806976121') in 0.006379 seconds 
========================================================================
Received Import Request.
  Time since last request: 0.937836 seconds.
  path: Assets/Anumations/Controller/Enemy.controller
  artifactKey: Guid(89f810fa121a31b4f8e17db97b0b2a5a) Importer(815301076,1909f56bfc062723c751e8b465ee728b)
Start importing Assets/Anumations/Controller/Enemy.controller using Guid(89f810fa121a31b4f8e17db97b0b2a5a) Importer(815301076,1909f56bfc062723c751e8b465ee728b)  -> (artifact id: 'de858ad2a0f1096686125336b28779ed') in 0.008517 seconds 
========================================================================
Received Import Request.
  Time since last request: 0.332646 seconds.
  path: Assets/Anumations/Controller/Player.controller
  artifactKey: Guid(764385426137cad498145b14e2d87c27) Importer(815301076,1909f56bfc062723c751e8b465ee728b)
Start importing Assets/Anumations/Controller/Player.controller using Guid(764385426137cad498145b14e2d87c27) Importer(815301076,1909f56bfc062723c751e8b465ee728b)  -> (artifact id: '1114cd3f5b2d854b7a1d14e79c46857b') in 0.007475 seconds 
========================================================================
Received Import Request.
  Time since last request: 66.748740 seconds.
  path: Assets/Anumations/Controller
  artifactKey: Guid(cc7966d5673b6b64db60167b8ffa7460) Importer(815301076,1909f56bfc062723c751e8b465ee728b)
Start importing Assets/Anumations/Controller using Guid(cc7966d5673b6b64db60167b8ffa7460) Importer(815301076,1909f56bfc062723c751e8b465ee728b)  -> (artifact id: 'ce110e66912bf092d0bfca98556f6379') in 0.002022 seconds 
========================================================================
Received Import Request.
  Time since last request: 1.317869 seconds.
  path: Assets/Anumations/Controller/Boss.controller
  artifactKey: Guid(41413fa26009d894494aff9620257088) Importer(815301076,1909f56bfc062723c751e8b465ee728b)
Start importing Assets/Anumations/Controller/Boss.controller using Guid(41413fa26009d894494aff9620257088) Importer(815301076,1909f56bfc062723c751e8b465ee728b)  -> (artifact id: '33009c51dfe6a51b53a75150b45b778d') in 0.004428 seconds 
========================================================================
Received Import Request.
  Time since last request: 10.042638 seconds.
  path: Assets/Resources
  artifactKey: Guid(f357ae48f0bab834dbe6cb1b7442f927) Importer(815301076,1909f56bfc062723c751e8b465ee728b)
Start importing Assets/Resources using Guid(f357ae48f0bab834dbe6cb1b7442f927) Importer(815301076,1909f56bfc062723c751e8b465ee728b)  -> (artifact id: 'ab512544c4531975067427b416d425bf') in 0.007274 seconds 
========================================================================
Received Import Request.
  Time since last request: 0.529811 seconds.
  path: Assets/Resources/Prefabs
  artifactKey: Guid(5c5489b5bda6056428d44af5da004e4e) Importer(815301076,1909f56bfc062723c751e8b465ee728b)
Start importing Assets/Resources/Prefabs using Guid(5c5489b5bda6056428d44af5da004e4e) Importer(815301076,1909f56bfc062723c751e8b465ee728b)  -> (artifact id: '13cda985de1932f2c26317ba869f5ac1') in 0.006598 seconds 
========================================================================
Received Import Request.
  Time since last request: 0.107099 seconds.
  path: Assets/Resources/Prefabs/Bullet.prefab
  artifactKey: Guid(6d2585e938b787347af29037de54b16a) Importer(815301076,1909f56bfc062723c751e8b465ee728b)
Start importing Assets/Resources/Prefabs/Bullet.prefab using Guid(6d2585e938b787347af29037de54b16a) Importer(815301076,1909f56bfc062723c751e8b465ee728b)  -> (artifact id: '5b46ef3f21fc5970e3d838c368413bc8') in 0.075875 seconds 
========================================================================
Received Import Request.
  Time since last request: 3.438511 seconds.
  path: Assets/Textures
  artifactKey: Guid(21497ad10628d044e877127f1ea879ed) Importer(815301076,1909f56bfc062723c751e8b465ee728b)
Start importing Assets/Textures using Guid(21497ad10628d044e877127f1ea879ed) Importer(815301076,1909f56bfc062723c751e8b465ee728b)  -> (artifact id: 'c60b23363e359b09858895dccf592b84') in 0.006316 seconds 
========================================================================
Received Import Request.
  Time since last request: 0.047748 seconds.
  path: Assets/Textures/Enemy.png
  artifactKey: Guid(0f9d22bd72c54ba4e980d6a1d521ea58) Importer(815301076,1909f56bfc062723c751e8b465ee728b)
Start importing Assets/Textures/Enemy.png using Guid(0f9d22bd72c54ba4e980d6a1d521ea58) Importer(815301076,1909f56bfc062723c751e8b465ee728b)  -> (artifact id: 'c129bc8ad169e5eaa3f4e87c10d01dc2') in 0.256956 seconds 
========================================================================
Received Import Request.
  Time since last request: 0.485632 seconds.
  path: Assets/Textures/Boss
  artifactKey: Guid(04df1f4a3c9624f4d8ed8614780ab98f) Importer(815301076,1909f56bfc062723c751e8b465ee728b)
Start importing Assets/Textures/Boss using Guid(04df1f4a3c9624f4d8ed8614780ab98f) Importer(815301076,1909f56bfc062723c751e8b465ee728b)  -> (artifact id: '5171a23282229e20b311297663f6cd4a') in 0.002026 seconds 
========================================================================
Received Import Request.
  Time since last request: 0.081632 seconds.
  path: Assets/Textures/Boss/penguin_atack_01.png
  artifactKey: Guid(179c8d385ceb2fa4eaf64cfc8797aec3) Importer(815301076,1909f56bfc062723c751e8b465ee728b)
Start importing Assets/Textures/Boss/penguin_atack_01.png using Guid(179c8d385ceb2fa4eaf64cfc8797aec3) Importer(815301076,1909f56bfc062723c751e8b465ee728b)  -> (artifact id: '33806114b94be6d58deb6b73294d599b') in 0.030780 seconds 
========================================================================
Received Import Request.
  Time since last request: 0.000014 seconds.
  path: Assets/Textures/Boss/penguin_jump_02.png
  artifactKey: Guid(3a3aa8b401097c74d8256882efc110fd) Importer(815301076,1909f56bfc062723c751e8b465ee728b)
Start importing Assets/Textures/Boss/penguin_jump_02.png using Guid(3a3aa8b401097c74d8256882efc110fd) Importer(815301076,1909f56bfc062723c751e8b465ee728b)  -> (artifact id: '7b1cc902b64c9c08c1fff4d18cb39a7d') in 0.026448 seconds 
========================================================================
Received Import Request.
  Time since last request: 0.000015 seconds.
  path: Assets/Textures/Boss/penguin_walk_02.png
  artifactKey: Guid(4ec9518743663584699b096dad4e5e96) Importer(815301076,1909f56bfc062723c751e8b465ee728b)
Start importing Assets/Textures/Boss/penguin_walk_02.png using Guid(4ec9518743663584699b096dad4e5e96) Importer(815301076,1909f56bfc062723c751e8b465ee728b)  -> (artifact id: '4741d7c2722907d15daca837a67cb651') in 0.023169 seconds 
========================================================================
Received Import Request.
  Time since last request: 0.000026 seconds.
  path: Assets/Textures/Boss/penguin_slide_01.png
  artifactKey: Guid(4358542c2f3647c4898865ecbdcd6909) Importer(815301076,1909f56bfc062723c751e8b465ee728b)
Start importing Assets/Textures/Boss/penguin_slide_01.png using Guid(4358542c2f3647c4898865ecbdcd6909) Importer(815301076,1909f56bfc062723c751e8b465ee728b)  -> (artifact id: 'b07d6ec94be90f08007bbd39c399c330') in 0.027862 seconds 
========================================================================
Received Import Request.
  Time since last request: 0.000014 seconds.
  path: Assets/Textures/Boss/penguin_walk_06.png
  artifactKey: Guid(9bec6f37b7af3fd4db341475863e766d) Importer(815301076,1909f56bfc062723c751e8b465ee728b)
Start importing Assets/Textures/Boss/penguin_walk_06.png using Guid(9bec6f37b7af3fd4db341475863e766d) Importer(815301076,1909f56bfc062723c751e8b465ee728b)  -> (artifact id: '07938ea7a681007a39f52f4f3afbdd32') in 0.026814 seconds 
========================================================================
Received Import Request.
  Time since last request: 0.000014 seconds.
  path: Assets/Textures/Boss/penguin_walk_05.png
  artifactKey: Guid(1629b8f2332a76d48ae8d465cb6f1aba) Importer(815301076,1909f56bfc062723c751e8b465ee728b)
Start importing Assets/Textures/Boss/penguin_walk_05.png using Guid(1629b8f2332a76d48ae8d465cb6f1aba) Importer(815301076,1909f56bfc062723c751e8b465ee728b)  -> (artifact id: '3e7a9dba7aef4a9fe63d175c35506a34') in 0.027572 seconds 
========================================================================
Received Import Request.
  Time since last request: 0.000748 seconds.
  path: Assets/Textures/Boss/penguin_slide_03.png
  artifactKey: Guid(15d11c021b9903f4e9b4b8787cbc40ff) Importer(815301076,1909f56bfc062723c751e8b465ee728b)
Start importing Assets/Textures/Boss/penguin_slide_03.png using Guid(15d11c021b9903f4e9b4b8787cbc40ff) Importer(815301076,1909f56bfc062723c751e8b465ee728b)  -> (artifact id: '40a7594b1cdad9fa633e2a2f3a709bf1') in 0.034322 seconds 
========================================================================
Received Import Request.
  Time since last request: 0.000019 seconds.
  path: Assets/Textures/Boss/penguin_walk_07.png
  artifactKey: Guid(fa0dd9cac2b455c4caf8109f532c813d) Importer(815301076,1909f56bfc062723c751e8b465ee728b)
Start importing Assets/Textures/Boss/penguin_walk_07.png using Guid(fa0dd9cac2b455c4caf8109f532c813d) Importer(815301076,1909f56bfc062723c751e8b465ee728b)  -> (artifact id: '75704dbc47180620024709c3774468b1') in 0.026479 seconds 
========================================================================
Received Import Request.
  Time since last request: 0.000016 seconds.
  path: Assets/Textures/Boss/penguin_atack_03.png
  artifactKey: Guid(9e11357c328024a428d1ff86dc00c529) Importer(815301076,1909f56bfc062723c751e8b465ee728b)
Start importing Assets/Textures/Boss/penguin_atack_03.png using Guid(9e11357c328024a428d1ff86dc00c529) Importer(815301076,1909f56bfc062723c751e8b465ee728b)  -> (artifact id: '190dff5e9932397a2009e86967025ca3') in 0.022418 seconds 
========================================================================
Received Import Request.
  Time since last request: 0.000017 seconds.
  path: Assets/Textures/Boss/penguin_walk_01.png
  artifactKey: Guid(f09ef6754aebdb34e8e3ed55ddfa44b6) Importer(815301076,1909f56bfc062723c751e8b465ee728b)
Start importing Assets/Textures/Boss/penguin_walk_01.png using Guid(f09ef6754aebdb34e8e3ed55ddfa44b6) Importer(815301076,1909f56bfc062723c751e8b465ee728b)  -> (artifact id: '8f2255d489b666304344ebdb45d317f2') in 0.019945 seconds 
========================================================================
Received Import Request.
  Time since last request: 0.001422 seconds.
  path: Assets/Textures/Boss/penguin_slide_02.png
  artifactKey: Guid(d2795608624dab94fb10989c3b76156a) Importer(815301076,1909f56bfc062723c751e8b465ee728b)
Start importing Assets/Textures/Boss/penguin_slide_02.png using Guid(d2795608624dab94fb10989c3b76156a) Importer(815301076,1909f56bfc062723c751e8b465ee728b)  -> (artifact id: '1a680057e51b5f930bb64cdeda0f1371') in 0.026315 seconds 
========================================================================
Received Prepare
Registering precompiled user dll's ...
Registered in 0.002142 seconds.
Begin MonoManager ReloadAssembly
Native extension for WindowsStandalone target not found
Native extension for Android target not found
Refreshing native plugins compatible for Editor in 0.39 ms, found 2 plugins.
Preloading 0 native plugins for Editor in 0.00 ms.
Mono: successfully reloaded assembly
- Completed reload, in  0.749 seconds
Domain Reload Profiling:
	ReloadAssembly (750ms)
		BeginReloadAssembly (124ms)
			ExecutionOrderSort (0ms)
			DisableScriptedObjects (4ms)
			BackupInstance (0ms)
			ReleaseScriptingObjects (0ms)
			CreateAndSetChildDomain (26ms)
		EndReloadAssembly (535ms)
			LoadAssemblies (80ms)
			RebuildTransferFunctionScriptingTraits (0ms)
			SetupTypeCache (152ms)
			ReleaseScriptCaches (1ms)
			RebuildScriptCaches (30ms)
			SetupLoadedEditorAssemblies (250ms)
				LogAssemblyErrors (0ms)
				InitializePlatformSupportModulesInManaged (17ms)
				SetLoadedEditorAssemblies (0ms)
				RefreshPlugins (0ms)
				BeforeProcessingInitializeOnLoad (44ms)
				ProcessInitializeOnLoadAttributes (161ms)
				ProcessInitializeOnLoadMethodAttributes (17ms)
				AfterProcessingInitializeOnLoad (9ms)
				EditorAssembliesLoaded (0ms)
			ExecutionOrderSort2 (0ms)
			AwakeInstancesAfterBackupRestoration (5ms)
Platform modules already initialized, skipping
Refreshing native plugins compatible for Editor in 2.27 ms, found 2 plugins.
Preloading 0 native plugins for Editor in 0.00 ms.
Unloading 1406 Unused Serialized files (Serialized files now loaded: 0)
Unloading 9 unused Assets / (24.7 KB). Loaded Objects now: 1912.
Memory consumption went from 75.0 MB to 75.0 MB.
Total: 2.595500 ms (FindLiveObjects: 0.133500 ms CreateObjectMapping: 0.034100 ms MarkObjects: 2.404800 ms  DeleteObjects: 0.022300 ms)

AssetImportParameters requested are different than current active one (requested -> active):
  custom:video-decoder-ogg-theora: a1e56fd34408186e4bbccfd4996cb3dc -> 
  custom:container-muxer-webm: aa71ff27fc2769a1b78a27578f13a17b -> 
  custom:container-demuxer-webm: 4f35f7cbe854078d1ac9338744f61a02 -> 
  custom:video-encoder-webm-vp8: eb34c28f22e8b96e1ab97ce403110664 -> 
  custom:audio-encoder-webm-vorbis: bf7c407c2cedff20999df2af8eb42d56 -> 
  custom:framework-win-MediaFoundation: 216162199b28c13a410421893ffa2e32 -> 
  custom:container-demuxer-ogg: 62fdf1f143b41e24485cea50d1cbac27 -> 
  custom:video-decoder-webm-vp8: 9c59270c3fd7afecdb556c50c9e8de78 -> 
  custom:audio-decoder-ogg-vorbis: bf7c407c2cedff20999df2af8eb42d56 -> 
Editor requested this worker to shutdown with reason: Scaling down because of idle timeout
AssetImportWorker is now disconnected from the server
Process exiting
Exiting without the bug reporter. Application will terminate with return code 0