  Bitmap.cpp
  Bullet.cpp
  Enemy.cpp
  GuideBullet.cpp
  ImageManager.cpp
  InputManager.cpp
  Logo.cpp
  MainUpdate.cpp
  GameObject.cpp
  Menu.cpp
  NormalBullet.cpp
  ObjectManager.cpp
  ObjectPool.cpp
  Player.cpp
C:\Users\SGA\Desktop\H123\WIN32API_Framework\WIN32API_Framework\Player.cpp(184,21): warning C4244: '인수': 'float'에서 'int'(으)로 변환하면서 데이터가 손실될 수 있습니다.
C:\Users\SGA\Desktop\H123\WIN32API_Framework\WIN32API_Framework\Player.cpp(183,21): warning C4244: '인수': 'float'에서 'int'(으)로 변환하면서 데이터가 손실될 수 있습니다.
  Protptype.cpp
  Scene.cpp
  SceneManager.cpp
  Stage.cpp
  WIN32API_Framework.cpp
  코드를 생성하고 있습니다...
  WIN32API_Framework.vcxproj -> C:\Users\SGA\Desktop\H123\WIN32API_Framework\x64\Debug\WIN32API_Framework.exe
